{"C:\\Users\\Sats\\Downloads\\jiaocheng\\js\\article-detail.js": {"path":"C:\\Users\\Sats\\Downloads\\jiaocheng\\js\\article-detail.js","statementMap":{"0":{"start":{"line":6,"column":0},"end":{"line":14,"column":3}},"1":{"start":{"line":8,"column":4},"end":{"line":8,"column":26}},"2":{"start":{"line":9,"column":4},"end":{"line":9,"column":26}},"3":{"start":{"line":10,"column":4},"end":{"line":10,"column":20}},"4":{"start":{"line":11,"column":4},"end":{"line":11,"column":24}},"5":{"start":{"line":12,"column":4},"end":{"line":12,"column":22}},"6":{"start":{"line":13,"column":4},"end":{"line":13,"column":28}},"7":{"start":{"line":22,"column":21},"end":{"line":22,"column":59}},"8":{"start":{"line":25,"column":4},"end":{"line":47,"column":7}},"9":{"start":{"line":26,"column":8},"end":{"line":46,"column":11}},"10":{"start":{"line":27,"column":12},"end":{"line":27,"column":31}},"11":{"start":{"line":29,"column":29},"end":{"line":29,"column":54}},"12":{"start":{"line":30,"column":34},"end":{"line":30,"column":66}},"13":{"start":{"line":32,"column":12},"end":{"line":45,"column":13}},"14":{"start":{"line":34,"column":37},"end":{"line":34,"column":82}},"15":{"start":{"line":35,"column":39},"end":{"line":35,"column":121}},"16":{"start":{"line":38,"column":16},"end":{"line":41,"column":19}},"17":{"start":{"line":44,"column":16},"end":{"line":44,"column":56}},"18":{"start":{"line":50,"column":4},"end":{"line":50,"column":78}},"19":{"start":{"line":53,"column":4},"end":{"line":53,"column":30}},"20":{"start":{"line":61,"column":21},"end":{"line":61,"column":66}},"21":{"start":{"line":62,"column":25},"end":{"line":62,"column":70}},"22":{"start":{"line":65,"column":25},"end":{"line":65,"column":29}},"23":{"start":{"line":67,"column":4},"end":{"line":76,"column":7}},"24":{"start":{"line":68,"column":27},"end":{"line":68,"column":62}},"25":{"start":{"line":69,"column":30},"end":{"line":69,"column":68}},"26":{"start":{"line":72,"column":8},"end":{"line":75,"column":9}},"27":{"start":{"line":74,"column":12},"end":{"line":74,"column":37}},"28":{"start":{"line":79,"column":4},"end":{"line":81,"column":7}},"29":{"start":{"line":80,"column":8},"end":{"line":80,"column":40}},"30":{"start":{"line":84,"column":4},"end":{"line":103,"column":5}},"31":{"start":{"line":85,"column":26},"end":{"line":85,"column":59}},"32":{"start":{"line":86,"column":34},"end":{"line":86,"column":91}},"33":{"start":{"line":88,"column":8},"end":{"line":102,"column":9}},"34":{"start":{"line":89,"column":12},"end":{"line":89,"column":54}},"35":{"start":{"line":92,"column":33},"end":{"line":92,"column":71}},"36":{"start":{"line":93,"column":12},"end":{"line":101,"column":13}},"37":{"start":{"line":94,"column":32},"end":{"line":94,"column":59}},"38":{"start":{"line":95,"column":37},"end":{"line":95,"column":59}},"39":{"start":{"line":96,"column":40},"end":{"line":96,"column":65}},"40":{"start":{"line":98,"column":16},"end":{"line":100,"column":17}},"41":{"start":{"line":99,"column":20},"end":{"line":99,"column":75}},"42":{"start":{"line":110,"column":24},"end":{"line":110,"column":71}},"43":{"start":{"line":112,"column":4},"end":{"line":123,"column":5}},"44":{"start":{"line":113,"column":8},"end":{"line":122,"column":11}},"45":{"start":{"line":115,"column":33},"end":{"line":115,"column":51}},"46":{"start":{"line":116,"column":35},"end":{"line":116,"column":87}},"47":{"start":{"line":117,"column":35},"end":{"line":117,"column":49}},"48":{"start":{"line":118,"column":29},"end":{"line":118,"column":68}},"49":{"start":{"line":121,"column":12},"end":{"line":121,"column":53}},"50":{"start":{"line":130,"column":28},"end":{"line":130,"column":66}},"51":{"start":{"line":132,"column":4},"end":{"line":149,"column":5}},"52":{"start":{"line":134,"column":8},"end":{"line":140,"column":11}},"53":{"start":{"line":135,"column":12},"end":{"line":139,"column":13}},"54":{"start":{"line":136,"column":16},"end":{"line":136,"column":57}},"55":{"start":{"line":138,"column":16},"end":{"line":138,"column":60}},"56":{"start":{"line":143,"column":8},"end":{"line":148,"column":11}},"57":{"start":{"line":144,"column":12},"end":{"line":147,"column":15}},"58":{"start":{"line":157,"column":4},"end":{"line":187,"column":5}},"59":{"start":{"line":158,"column":8},"end":{"line":158,"column":29}},"60":{"start":{"line":161,"column":23},"end":{"line":161,"column":55}},"61":{"start":{"line":162,"column":8},"end":{"line":162,"column":80}},"62":{"start":{"line":163,"column":8},"end":{"line":185,"column":10}},"63":{"start":{"line":165,"column":30},"end":{"line":165,"column":85}},"64":{"start":{"line":167,"column":30},"end":{"line":167,"column":31}},"65":{"start":{"line":168,"column":12},"end":{"line":178,"column":15}},"66":{"start":{"line":169,"column":35},"end":{"line":169,"column":67}},"67":{"start":{"line":170,"column":16},"end":{"line":170,"column":111}},"68":{"start":{"line":171,"column":16},"end":{"line":176,"column":18}},"69":{"start":{"line":172,"column":20},"end":{"line":172,"column":34}},"70":{"start":{"line":173,"column":20},"end":{"line":175,"column":21}},"71":{"start":{"line":174,"column":24},"end":{"line":174,"column":45}},"72":{"start":{"line":177,"column":16},"end":{"line":177,"column":54}},"73":{"start":{"line":181,"column":26},"end":{"line":181,"column":56}},"74":{"start":{"line":182,"column":12},"end":{"line":182,"column":37}},"75":{"start":{"line":183,"column":12},"end":{"line":183,"column":101}},"76":{"start":{"line":184,"column":12},"end":{"line":184,"column":45}},"77":{"start":{"line":186,"column":8},"end":{"line":186,"column":42}},"78":{"start":{"line":190,"column":4},"end":{"line":190,"column":21}},"79":{"start":{"line":197,"column":23},"end":{"line":197,"column":55}},"80":{"start":{"line":199,"column":4},"end":{"line":235,"column":7}},"81":{"start":{"line":201,"column":27},"end":{"line":201,"column":59}},"82":{"start":{"line":202,"column":8},"end":{"line":202,"column":45}},"83":{"start":{"line":203,"column":8},"end":{"line":203,"column":61}},"84":{"start":{"line":204,"column":8},"end":{"line":204,"column":34}},"85":{"start":{"line":207,"column":8},"end":{"line":230,"column":11}},"86":{"start":{"line":208,"column":25},"end":{"line":208,"column":62}},"87":{"start":{"line":211,"column":12},"end":{"line":229,"column":15}},"88":{"start":{"line":213,"column":16},"end":{"line":213,"column":70}},"89":{"start":{"line":214,"column":16},"end":{"line":214,"column":51}},"90":{"start":{"line":217,"column":16},"end":{"line":220,"column":25}},"91":{"start":{"line":218,"column":20},"end":{"line":218,"column":73}},"92":{"start":{"line":219,"column":20},"end":{"line":219,"column":58}},"93":{"start":{"line":222,"column":16},"end":{"line":222,"column":44}},"94":{"start":{"line":223,"column":16},"end":{"line":223,"column":70}},"95":{"start":{"line":226,"column":16},"end":{"line":228,"column":25}},"96":{"start":{"line":227,"column":20},"end":{"line":227,"column":73}},"97":{"start":{"line":233,"column":8},"end":{"line":233,"column":42}},"98":{"start":{"line":234,"column":8},"end":{"line":234,"column":38}},"99":{"start":{"line":238,"column":18},"end":{"line":238,"column":49}},"100":{"start":{"line":239,"column":4},"end":{"line":266,"column":6}},"101":{"start":{"line":267,"column":4},"end":{"line":267,"column":37}},"102":{"start":{"line":275,"column":4},"end":{"line":278,"column":5}},"103":{"start":{"line":276,"column":8},"end":{"line":276,"column":40}},"104":{"start":{"line":277,"column":8},"end":{"line":277,"column":15}},"105":{"start":{"line":281,"column":23},"end":{"line":281,"column":65}},"106":{"start":{"line":284,"column":4},"end":{"line":286,"column":5}},"107":{"start":{"line":285,"column":8},"end":{"line":285,"column":15}},"108":{"start":{"line":289,"column":4},"end":{"line":349,"column":5}},"109":{"start":{"line":291,"column":30},"end":{"line":312,"column":10}},"110":{"start":{"line":292,"column":12},"end":{"line":308,"column":15}},"111":{"start":{"line":293,"column":16},"end":{"line":307,"column":17}},"112":{"start":{"line":294,"column":38},"end":{"line":294,"column":50}},"113":{"start":{"line":297,"column":20},"end":{"line":297,"column":58}},"114":{"start":{"line":300,"column":20},"end":{"line":303,"column":22}},"115":{"start":{"line":301,"column":24},"end":{"line":301,"column":58}},"116":{"start":{"line":302,"column":24},"end":{"line":302,"column":62}},"117":{"start":{"line":306,"column":20},"end":{"line":306,"column":55}},"118":{"start":{"line":315,"column":8},"end":{"line":317,"column":11}},"119":{"start":{"line":316,"column":12},"end":{"line":316,"column":41}},"120":{"start":{"line":321,"column":12},"end":{"line":338,"column":15}},"121":{"start":{"line":322,"column":16},"end":{"line":337,"column":17}},"122":{"start":{"line":323,"column":33},"end":{"line":323,"column":66}},"123":{"start":{"line":325,"column":24},"end":{"line":326,"column":40}},"124":{"start":{"line":329,"column":20},"end":{"line":336,"column":21}},"125":{"start":{"line":330,"column":24},"end":{"line":330,"column":62}},"126":{"start":{"line":332,"column":24},"end":{"line":335,"column":26}},"127":{"start":{"line":333,"column":28},"end":{"line":333,"column":62}},"128":{"start":{"line":334,"column":28},"end":{"line":334,"column":66}},"129":{"start":{"line":342,"column":30},"end":{"line":342,"column":52}},"130":{"start":{"line":343,"column":8},"end":{"line":343,"column":57}},"131":{"start":{"line":344,"column":8},"end":{"line":344,"column":57}},"132":{"start":{"line":345,"column":8},"end":{"line":345,"column":68}},"133":{"start":{"line":348,"column":8},"end":{"line":348,"column":19}},"134":{"start":{"line":360,"column":21},"end":{"line":360,"column":78}},"135":{"start":{"line":362,"column":4},"end":{"line":372,"column":7}},"136":{"start":{"line":363,"column":8},"end":{"line":366,"column":11}},"137":{"start":{"line":364,"column":12},"end":{"line":364,"column":54}},"138":{"start":{"line":365,"column":12},"end":{"line":365,"column":66}},"139":{"start":{"line":368,"column":8},"end":{"line":371,"column":11}},"140":{"start":{"line":369,"column":12},"end":{"line":369,"column":38}},"141":{"start":{"line":370,"column":12},"end":{"line":370,"column":38}},"142":{"start":{"line":383,"column":4},"end":{"line":390,"column":6}},"143":{"start":{"line":384,"column":24},"end":{"line":384,"column":28}},"144":{"start":{"line":385,"column":21},"end":{"line":385,"column":30}},"145":{"start":{"line":386,"column":8},"end":{"line":386,"column":30}},"146":{"start":{"line":387,"column":8},"end":{"line":389,"column":17}},"147":{"start":{"line":388,"column":12},"end":{"line":388,"column":38}}},"fnMap":{"0":{"name":"(anonymous_0)","decl":{"start":{"line":6,"column":46},"end":{"line":6,"column":47}},"loc":{"start":{"line":6,"column":57},"end":{"line":14,"column":1}},"line":6},"1":{"name":"initTableOfContents","decl":{"start":{"line":20,"column":9},"end":{"line":20,"column":28}},"loc":{"start":{"line":20,"column":31},"end":{"line":54,"column":1}},"line":20},"2":{"name":"(anonymous_2)","decl":{"start":{"line":25,"column":21},"end":{"line":25,"column":22}},"loc":{"start":{"line":25,"column":29},"end":{"line":47,"column":5}},"line":25},"3":{"name":"(anonymous_3)","decl":{"start":{"line":26,"column":39},"end":{"line":26,"column":40}},"loc":{"start":{"line":26,"column":51},"end":{"line":46,"column":9}},"line":26},"4":{"name":"highlightCurrentSection","decl":{"start":{"line":59,"column":9},"end":{"line":59,"column":32}},"loc":{"start":{"line":59,"column":35},"end":{"line":104,"column":1}},"line":59},"5":{"name":"(anonymous_5)","decl":{"start":{"line":67,"column":21},"end":{"line":67,"column":22}},"loc":{"start":{"line":67,"column":32},"end":{"line":76,"column":5}},"line":67},"6":{"name":"(anonymous_6)","decl":{"start":{"line":79,"column":51},"end":{"line":79,"column":52}},"loc":{"start":{"line":79,"column":59},"end":{"line":81,"column":5}},"line":79},"7":{"name":"initReadingProgress","decl":{"start":{"line":109,"column":9},"end":{"line":109,"column":28}},"loc":{"start":{"line":109,"column":31},"end":{"line":124,"column":1}},"line":109},"8":{"name":"(anonymous_8)","decl":{"start":{"line":113,"column":42},"end":{"line":113,"column":43}},"loc":{"start":{"line":113,"column":53},"end":{"line":122,"column":9}},"line":113},"9":{"name":"initBackToTop","decl":{"start":{"line":129,"column":9},"end":{"line":129,"column":22}},"loc":{"start":{"line":129,"column":25},"end":{"line":150,"column":1}},"line":129},"10":{"name":"(anonymous_10)","decl":{"start":{"line":134,"column":42},"end":{"line":134,"column":43}},"loc":{"start":{"line":134,"column":53},"end":{"line":140,"column":9}},"line":134},"11":{"name":"(anonymous_11)","decl":{"start":{"line":143,"column":50},"end":{"line":143,"column":51}},"loc":{"start":{"line":143,"column":61},"end":{"line":148,"column":9}},"line":143},"12":{"name":"initCodeHighlight","decl":{"start":{"line":155,"column":9},"end":{"line":155,"column":26}},"loc":{"start":{"line":155,"column":29},"end":{"line":191,"column":1}},"line":155},"13":{"name":"(anonymous_13)","decl":{"start":{"line":163,"column":24},"end":{"line":163,"column":25}},"loc":{"start":{"line":163,"column":35},"end":{"line":185,"column":9}},"line":163},"14":{"name":"(anonymous_14)","decl":{"start":{"line":168,"column":30},"end":{"line":168,"column":31}},"loc":{"start":{"line":168,"column":38},"end":{"line":178,"column":13}},"line":168},"15":{"name":"(anonymous_15)","decl":{"start":{"line":171,"column":36},"end":{"line":171,"column":37}},"loc":{"start":{"line":171,"column":47},"end":{"line":176,"column":17}},"line":171},"16":{"name":"addCopyButtons","decl":{"start":{"line":196,"column":9},"end":{"line":196,"column":23}},"loc":{"start":{"line":196,"column":26},"end":{"line":268,"column":1}},"line":196},"17":{"name":"(anonymous_17)","decl":{"start":{"line":199,"column":23},"end":{"line":199,"column":24}},"loc":{"start":{"line":199,"column":32},"end":{"line":235,"column":5}},"line":199},"18":{"name":"(anonymous_18)","decl":{"start":{"line":207,"column":45},"end":{"line":207,"column":46}},"loc":{"start":{"line":207,"column":56},"end":{"line":230,"column":9}},"line":207},"19":{"name":"(anonymous_19)","decl":{"start":{"line":211,"column":53},"end":{"line":211,"column":54}},"loc":{"start":{"line":211,"column":59},"end":{"line":221,"column":13}},"line":211},"20":{"name":"(anonymous_20)","decl":{"start":{"line":217,"column":27},"end":{"line":217,"column":28}},"loc":{"start":{"line":217,"column":33},"end":{"line":220,"column":17}},"line":217},"21":{"name":"(anonymous_21)","decl":{"start":{"line":221,"column":21},"end":{"line":221,"column":22}},"loc":{"start":{"line":221,"column":28},"end":{"line":229,"column":13}},"line":221},"22":{"name":"(anonymous_22)","decl":{"start":{"line":226,"column":27},"end":{"line":226,"column":28}},"loc":{"start":{"line":226,"column":33},"end":{"line":228,"column":17}},"line":226},"23":{"name":"initLazyLoading","decl":{"start":{"line":273,"column":9},"end":{"line":273,"column":24}},"loc":{"start":{"line":273,"column":27},"end":{"line":350,"column":1}},"line":273},"24":{"name":"(anonymous_24)","decl":{"start":{"line":291,"column":55},"end":{"line":291,"column":56}},"loc":{"start":{"line":291,"column":68},"end":{"line":309,"column":9}},"line":291},"25":{"name":"(anonymous_25)","decl":{"start":{"line":292,"column":28},"end":{"line":292,"column":29}},"loc":{"start":{"line":292,"column":37},"end":{"line":308,"column":13}},"line":292},"26":{"name":"(anonymous_26)","decl":{"start":{"line":300,"column":39},"end":{"line":300,"column":40}},"loc":{"start":{"line":300,"column":45},"end":{"line":303,"column":21}},"line":300},"27":{"name":"(anonymous_27)","decl":{"start":{"line":315,"column":27},"end":{"line":315,"column":28}},"loc":{"start":{"line":315,"column":36},"end":{"line":317,"column":9}},"line":315},"28":{"name":"lazyLoad","decl":{"start":{"line":320,"column":17},"end":{"line":320,"column":25}},"loc":{"start":{"line":320,"column":28},"end":{"line":339,"column":9}},"line":320},"29":{"name":"(anonymous_29)","decl":{"start":{"line":321,"column":31},"end":{"line":321,"column":32}},"loc":{"start":{"line":321,"column":44},"end":{"line":338,"column":13}},"line":321},"30":{"name":"(anonymous_30)","decl":{"start":{"line":332,"column":43},"end":{"line":332,"column":44}},"loc":{"start":{"line":332,"column":49},"end":{"line":335,"column":25}},"line":332},"31":{"name":"initArticleNavigation","decl":{"start":{"line":355,"column":9},"end":{"line":355,"column":30}},"loc":{"start":{"line":355,"column":33},"end":{"line":373,"column":1}},"line":355},"32":{"name":"(anonymous_32)","decl":{"start":{"line":362,"column":21},"end":{"line":362,"column":22}},"loc":{"start":{"line":362,"column":29},"end":{"line":372,"column":5}},"line":362},"33":{"name":"(anonymous_33)","decl":{"start":{"line":363,"column":44},"end":{"line":363,"column":45}},"loc":{"start":{"line":363,"column":55},"end":{"line":366,"column":9}},"line":363},"34":{"name":"(anonymous_34)","decl":{"start":{"line":368,"column":44},"end":{"line":368,"column":45}},"loc":{"start":{"line":368,"column":55},"end":{"line":371,"column":9}},"line":368},"35":{"name":"debounce","decl":{"start":{"line":381,"column":9},"end":{"line":381,"column":17}},"loc":{"start":{"line":381,"column":30},"end":{"line":391,"column":1}},"line":381},"36":{"name":"(anonymous_36)","decl":{"start":{"line":383,"column":11},"end":{"line":383,"column":12}},"loc":{"start":{"line":383,"column":22},"end":{"line":390,"column":5}},"line":383},"37":{"name":"(anonymous_37)","decl":{"start":{"line":387,"column":29},"end":{"line":387,"column":30}},"loc":{"start":{"line":387,"column":35},"end":{"line":389,"column":9}},"line":387}},"branchMap":{"0":{"loc":{"start":{"line":32,"column":12},"end":{"line":45,"column":13}},"type":"if","locations":[{"start":{"line":32,"column":12},"end":{"line":45,"column":13}},{"start":{},"end":{}}],"line":32},"1":{"loc":{"start":{"line":72,"column":8},"end":{"line":75,"column":9}},"type":"if","locations":[{"start":{"line":72,"column":8},"end":{"line":75,"column":9}},{"start":{},"end":{}}],"line":72},"2":{"loc":{"start":{"line":72,"column":12},"end":{"line":73,"column":66}},"type":"binary-expr","locations":[{"start":{"line":72,"column":13},"end":{"line":72,"column":45}},{"start":{"line":72,"column":49},"end":{"line":72,"column":83}},{"start":{"line":73,"column":13},"end":{"line":73,"column":27}},{"start":{"line":73,"column":31},"end":{"line":73,"column":65}}],"line":72},"3":{"loc":{"start":{"line":84,"column":4},"end":{"line":103,"column":5}},"type":"if","locations":[{"start":{"line":84,"column":4},"end":{"line":103,"column":5}},{"start":{},"end":{}}],"line":84},"4":{"loc":{"start":{"line":88,"column":8},"end":{"line":102,"column":9}},"type":"if","locations":[{"start":{"line":88,"column":8},"end":{"line":102,"column":9}},{"start":{},"end":{}}],"line":88},"5":{"loc":{"start":{"line":93,"column":12},"end":{"line":101,"column":13}},"type":"if","locations":[{"start":{"line":93,"column":12},"end":{"line":101,"column":13}},{"start":{},"end":{}}],"line":93},"6":{"loc":{"start":{"line":98,"column":16},"end":{"line":100,"column":17}},"type":"if","locations":[{"start":{"line":98,"column":16},"end":{"line":100,"column":17}},{"start":{},"end":{}}],"line":98},"7":{"loc":{"start":{"line":98,"column":20},"end":{"line":98,"column":86}},"type":"binary-expr","locations":[{"start":{"line":98,"column":20},"end":{"line":98,"column":42}},{"start":{"line":98,"column":46},"end":{"line":98,"column":86}}],"line":98},"8":{"loc":{"start":{"line":112,"column":4},"end":{"line":123,"column":5}},"type":"if","locations":[{"start":{"line":112,"column":4},"end":{"line":123,"column":5}},{"start":{},"end":{}}],"line":112},"9":{"loc":{"start":{"line":132,"column":4},"end":{"line":149,"column":5}},"type":"if","locations":[{"start":{"line":132,"column":4},"end":{"line":149,"column":5}},{"start":{},"end":{}}],"line":132},"10":{"loc":{"start":{"line":135,"column":12},"end":{"line":139,"column":13}},"type":"if","locations":[{"start":{"line":135,"column":12},"end":{"line":139,"column":13}},{"start":{"line":137,"column":19},"end":{"line":139,"column":13}}],"line":135},"11":{"loc":{"start":{"line":157,"column":4},"end":{"line":187,"column":5}},"type":"if","locations":[{"start":{"line":157,"column":4},"end":{"line":187,"column":5}},{"start":{"line":159,"column":11},"end":{"line":187,"column":5}}],"line":157},"12":{"loc":{"start":{"line":173,"column":20},"end":{"line":175,"column":21}},"type":"if","locations":[{"start":{"line":173,"column":20},"end":{"line":175,"column":21}},{"start":{},"end":{}}],"line":173},"13":{"loc":{"start":{"line":275,"column":4},"end":{"line":278,"column":5}},"type":"if","locations":[{"start":{"line":275,"column":4},"end":{"line":278,"column":5}},{"start":{},"end":{}}],"line":275},"14":{"loc":{"start":{"line":284,"column":4},"end":{"line":286,"column":5}},"type":"if","locations":[{"start":{"line":284,"column":4},"end":{"line":286,"column":5}},{"start":{},"end":{}}],"line":284},"15":{"loc":{"start":{"line":289,"column":4},"end":{"line":349,"column":5}},"type":"if","locations":[{"start":{"line":289,"column":4},"end":{"line":349,"column":5}},{"start":{"line":318,"column":11},"end":{"line":349,"column":5}}],"line":289},"16":{"loc":{"start":{"line":293,"column":16},"end":{"line":307,"column":17}},"type":"if","locations":[{"start":{"line":293,"column":16},"end":{"line":307,"column":17}},{"start":{},"end":{}}],"line":293},"17":{"loc":{"start":{"line":322,"column":16},"end":{"line":337,"column":17}},"type":"if","locations":[{"start":{"line":322,"column":16},"end":{"line":337,"column":17}},{"start":{},"end":{}}],"line":322},"18":{"loc":{"start":{"line":325,"column":24},"end":{"line":326,"column":40}},"type":"binary-expr","locations":[{"start":{"line":325,"column":24},"end":{"line":325,"column":61}},{"start":{"line":326,"column":24},"end":{"line":326,"column":40}}],"line":325},"19":{"loc":{"start":{"line":329,"column":20},"end":{"line":336,"column":21}},"type":"if","locations":[{"start":{"line":329,"column":20},"end":{"line":336,"column":21}},{"start":{},"end":{}}],"line":329}},"s":{"0":0,"1":0,"2":0,"3":0,"4":0,"5":0,"6":0,"7":0,"8":0,"9":0,"10":0,"11":0,"12":0,"13":0,"14":0,"15":0,"16":0,"17":0,"18":0,"19":0,"20":0,"21":0,"22":0,"23":0,"24":0,"25":0,"26":0,"27":0,"28":0,"29":0,"30":0,"31":0,"32":0,"33":0,"34":0,"35":0,"36":0,"37":0,"38":0,"39":0,"40":0,"41":0,"42":0,"43":0,"44":0,"45":0,"46":0,"47":0,"48":0,"49":0,"50":0,"51":0,"52":0,"53":0,"54":0,"55":0,"56":0,"57":0,"58":0,"59":0,"60":0,"61":0,"62":0,"63":0,"64":0,"65":0,"66":0,"67":0,"68":0,"69":0,"70":0,"71":0,"72":0,"73":0,"74":0,"75":0,"76":0,"77":0,"78":0,"79":0,"80":0,"81":0,"82":0,"83":0,"84":0,"85":0,"86":0,"87":0,"88":0,"89":0,"90":0,"91":0,"92":0,"93":0,"94":0,"95":0,"96":0,"97":0,"98":0,"99":0,"100":0,"101":0,"102":0,"103":0,"104":0,"105":0,"106":0,"107":0,"108":0,"109":0,"110":0,"111":0,"112":0,"113":0,"114":0,"115":0,"116":0,"117":0,"118":0,"119":0,"120":0,"121":0,"122":0,"123":0,"124":0,"125":0,"126":0,"127":0,"128":0,"129":0,"130":0,"131":0,"132":0,"133":0,"134":0,"135":0,"136":0,"137":0,"138":0,"139":0,"140":0,"141":0,"142":0,"143":0,"144":0,"145":0,"146":0,"147":0},"f":{"0":0,"1":0,"2":0,"3":0,"4":0,"5":0,"6":0,"7":0,"8":0,"9":0,"10":0,"11":0,"12":0,"13":0,"14":0,"15":0,"16":0,"17":0,"18":0,"19":0,"20":0,"21":0,"22":0,"23":0,"24":0,"25":0,"26":0,"27":0,"28":0,"29":0,"30":0,"31":0,"32":0,"33":0,"34":0,"35":0,"36":0,"37":0},"b":{"0":[0,0],"1":[0,0],"2":[0,0,0,0],"3":[0,0],"4":[0,0],"5":[0,0],"6":[0,0],"7":[0,0],"8":[0,0],"9":[0,0],"10":[0,0],"11":[0,0],"12":[0,0],"13":[0,0],"14":[0,0],"15":[0,0],"16":[0,0],"17":[0,0],"18":[0,0],"19":[0,0]}}
,"C:\\Users\\Sats\\Downloads\\jiaocheng\\js\\article-list.js": {"path":"C:\\Users\\Sats\\Downloads\\jiaocheng\\js\\article-list.js","statementMap":{"0":{"start":{"line":7,"column":20},"end":{"line":202,"column":1}},"1":{"start":{"line":205,"column":18},"end":{"line":205,"column":19}},"2":{"start":{"line":206,"column":21},"end":{"line":206,"column":23}},"3":{"start":{"line":207,"column":22},"end":{"line":207,"column":27}},"4":{"start":{"line":208,"column":18},"end":{"line":208,"column":26}},"5":{"start":{"line":209,"column":23},"end":{"line":209,"column":39}},"6":{"start":{"line":212,"column":0},"end":{"line":221,"column":3}},"7":{"start":{"line":214,"column":4},"end":{"line":214,"column":22}},"8":{"start":{"line":217,"column":4},"end":{"line":217,"column":22}},"9":{"start":{"line":220,"column":4},"end":{"line":220,"column":19}},"10":{"start":{"line":228,"column":4},"end":{"line":228,"column":26}},"11":{"start":{"line":231,"column":4},"end":{"line":231,"column":25}},"12":{"start":{"line":233,"column":4},"end":{"line":237,"column":12}},"13":{"start":{"line":235,"column":8},"end":{"line":235,"column":28}},"14":{"start":{"line":236,"column":8},"end":{"line":236,"column":29}},"15":{"start":{"line":245,"column":4},"end":{"line":249,"column":5}},"16":{"start":{"line":246,"column":8},"end":{"line":246,"column":44}},"17":{"start":{"line":248,"column":8},"end":{"line":248,"column":95}},"18":{"start":{"line":248,"column":57},"end":{"line":248,"column":93}},"19":{"start":{"line":252,"column":4},"end":{"line":262,"column":5}},"20":{"start":{"line":254,"column":12},"end":{"line":254,"column":81}},"21":{"start":{"line":254,"column":44},"end":{"line":254,"column":79}},"22":{"start":{"line":255,"column":12},"end":{"line":255,"column":18}},"23":{"start":{"line":257,"column":12},"end":{"line":257,"column":81}},"24":{"start":{"line":257,"column":44},"end":{"line":257,"column":79}},"25":{"start":{"line":258,"column":12},"end":{"line":258,"column":18}},"26":{"start":{"line":260,"column":12},"end":{"line":260,"column":63}},"27":{"start":{"line":260,"column":44},"end":{"line":260,"column":61}},"28":{"start":{"line":261,"column":12},"end":{"line":261,"column":18}},"29":{"start":{"line":269,"column":24},"end":{"line":269,"column":63}},"30":{"start":{"line":270,"column":23},"end":{"line":270,"column":55}},"31":{"start":{"line":271,"column":21},"end":{"line":271,"column":81}},"32":{"start":{"line":272,"column":32},"end":{"line":272,"column":76}},"33":{"start":{"line":275,"column":27},"end":{"line":275,"column":69}},"34":{"start":{"line":276,"column":4},"end":{"line":282,"column":5}},"35":{"start":{"line":277,"column":8},"end":{"line":277,"column":35}},"36":{"start":{"line":278,"column":8},"end":{"line":278,"column":48}},"37":{"start":{"line":279,"column":8},"end":{"line":279,"column":46}},"38":{"start":{"line":281,"column":8},"end":{"line":281,"column":35}},"39":{"start":{"line":285,"column":4},"end":{"line":291,"column":5}},"40":{"start":{"line":286,"column":27},"end":{"line":286,"column":56}},"41":{"start":{"line":287,"column":8},"end":{"line":287,"column":50}},"42":{"start":{"line":288,"column":8},"end":{"line":288,"column":52}},"43":{"start":{"line":289,"column":8},"end":{"line":289,"column":44}},"44":{"start":{"line":290,"column":8},"end":{"line":290,"column":15}},"45":{"start":{"line":294,"column":4},"end":{"line":316,"column":7}},"46":{"start":{"line":295,"column":28},"end":{"line":295,"column":57}},"47":{"start":{"line":296,"column":8},"end":{"line":296,"column":47}},"48":{"start":{"line":299,"column":30},"end":{"line":299,"column":54}},"49":{"start":{"line":302,"column":31},"end":{"line":302,"column":57}},"50":{"start":{"line":304,"column":8},"end":{"line":313,"column":10}},"51":{"start":{"line":315,"column":8},"end":{"line":315,"column":45}},"52":{"start":{"line":319,"column":4},"end":{"line":319,"column":23}},"53":{"start":{"line":326,"column":23},"end":{"line":326,"column":60}},"54":{"start":{"line":329,"column":4},"end":{"line":360,"column":7}},"55":{"start":{"line":330,"column":8},"end":{"line":330,"column":27}},"56":{"start":{"line":332,"column":8},"end":{"line":359,"column":9}},"57":{"start":{"line":333,"column":29},"end":{"line":333,"column":37}},"58":{"start":{"line":336,"column":12},"end":{"line":342,"column":13}},"59":{"start":{"line":337,"column":16},"end":{"line":340,"column":17}},"60":{"start":{"line":338,"column":20},"end":{"line":338,"column":34}},"61":{"start":{"line":339,"column":20},"end":{"line":339,"column":38}},"62":{"start":{"line":341,"column":16},"end":{"line":341,"column":23}},"63":{"start":{"line":345,"column":12},"end":{"line":352,"column":13}},"64":{"start":{"line":346,"column":35},"end":{"line":346,"column":84}},"65":{"start":{"line":347,"column":16},"end":{"line":350,"column":17}},"66":{"start":{"line":348,"column":20},"end":{"line":348,"column":34}},"67":{"start":{"line":349,"column":20},"end":{"line":349,"column":38}},"68":{"start":{"line":351,"column":16},"end":{"line":351,"column":23}},"69":{"start":{"line":355,"column":12},"end":{"line":358,"column":13}},"70":{"start":{"line":356,"column":16},"end":{"line":356,"column":62}},"71":{"start":{"line":357,"column":16},"end":{"line":357,"column":34}},"72":{"start":{"line":367,"column":23},"end":{"line":367,"column":60}},"73":{"start":{"line":368,"column":23},"end":{"line":368,"column":72}},"74":{"start":{"line":371,"column":4},"end":{"line":371,"column":30}},"75":{"start":{"line":374,"column":21},"end":{"line":374,"column":49}},"76":{"start":{"line":375,"column":4},"end":{"line":375,"column":76}},"77":{"start":{"line":376,"column":4},"end":{"line":376,"column":130}},"78":{"start":{"line":377,"column":4},"end":{"line":377,"column":37}},"79":{"start":{"line":380,"column":28},"end":{"line":380,"column":29}},"80":{"start":{"line":381,"column":20},"end":{"line":381,"column":78}},"81":{"start":{"line":382,"column":18},"end":{"line":382,"column":71}},"82":{"start":{"line":384,"column":4},"end":{"line":386,"column":5}},"83":{"start":{"line":385,"column":8},"end":{"line":385,"column":63}},"84":{"start":{"line":388,"column":4},"end":{"line":393,"column":5}},"85":{"start":{"line":388,"column":17},"end":{"line":388,"column":26}},"86":{"start":{"line":389,"column":25},"end":{"line":389,"column":53}},"87":{"start":{"line":390,"column":8},"end":{"line":390,"column":78}},"88":{"start":{"line":391,"column":8},"end":{"line":391,"column":87}},"89":{"start":{"line":392,"column":8},"end":{"line":392,"column":41}},"90":{"start":{"line":396,"column":21},"end":{"line":396,"column":49}},"91":{"start":{"line":397,"column":4},"end":{"line":397,"column":85}},"92":{"start":{"line":398,"column":4},"end":{"line":398,"column":139}},"93":{"start":{"line":399,"column":4},"end":{"line":399,"column":37}},"94":{"start":{"line":407,"column":29},"end":{"line":407,"column":72}},"95":{"start":{"line":408,"column":26},"end":{"line":408,"column":120}},"96":{"start":{"line":410,"column":4},"end":{"line":430,"column":7}},"97":{"start":{"line":411,"column":8},"end":{"line":429,"column":11}},"98":{"start":{"line":412,"column":12},"end":{"line":412,"column":31}},"99":{"start":{"line":415,"column":12},"end":{"line":415,"column":60}},"100":{"start":{"line":418,"column":12},"end":{"line":422,"column":13}},"101":{"start":{"line":419,"column":16},"end":{"line":419,"column":40}},"102":{"start":{"line":421,"column":16},"end":{"line":421,"column":69}},"103":{"start":{"line":425,"column":12},"end":{"line":425,"column":28}},"104":{"start":{"line":428,"column":12},"end":{"line":428,"column":30}},"105":{"start":{"line":433,"column":25},"end":{"line":433,"column":64}},"106":{"start":{"line":434,"column":22},"end":{"line":434,"column":112}},"107":{"start":{"line":436,"column":4},"end":{"line":458,"column":7}},"108":{"start":{"line":437,"column":8},"end":{"line":457,"column":11}},"109":{"start":{"line":438,"column":12},"end":{"line":438,"column":31}},"110":{"start":{"line":441,"column":12},"end":{"line":441,"column":56}},"111":{"start":{"line":444,"column":12},"end":{"line":450,"column":13}},"112":{"start":{"line":445,"column":16},"end":{"line":445,"column":39}},"113":{"start":{"line":446,"column":19},"end":{"line":450,"column":13}},"114":{"start":{"line":447,"column":16},"end":{"line":447,"column":39}},"115":{"start":{"line":448,"column":19},"end":{"line":450,"column":13}},"116":{"start":{"line":449,"column":16},"end":{"line":449,"column":40}},"117":{"start":{"line":453,"column":12},"end":{"line":453,"column":28}},"118":{"start":{"line":456,"column":12},"end":{"line":456,"column":30}},"119":{"start":{"line":465,"column":27},"end":{"line":465,"column":69}},"120":{"start":{"line":466,"column":4},"end":{"line":468,"column":5}},"121":{"start":{"line":467,"column":8},"end":{"line":467,"column":46}},"122":{"start":{"line":475,"column":27},"end":{"line":475,"column":69}},"123":{"start":{"line":476,"column":4},"end":{"line":478,"column":5}},"124":{"start":{"line":477,"column":8},"end":{"line":477,"column":46}},"125":{"start":{"line":485,"column":17},"end":{"line":485,"column":37}},"126":{"start":{"line":486,"column":17},"end":{"line":486,"column":35}},"127":{"start":{"line":487,"column":18},"end":{"line":487,"column":62}},"128":{"start":{"line":488,"column":16},"end":{"line":488,"column":55}},"129":{"start":{"line":489,"column":4},"end":{"line":489,"column":37}},"130":{"start":{"line":496,"column":4},"end":{"line":502,"column":5}},"131":{"start":{"line":497,"column":8},"end":{"line":497,"column":48}},"132":{"start":{"line":498,"column":11},"end":{"line":502,"column":5}},"133":{"start":{"line":499,"column":8},"end":{"line":499,"column":47}},"134":{"start":{"line":501,"column":8},"end":{"line":501,"column":32}}},"fnMap":{"0":{"name":"(anonymous_0)","decl":{"start":{"line":212,"column":46},"end":{"line":212,"column":47}},"loc":{"start":{"line":212,"column":57},"end":{"line":221,"column":1}},"line":212},"1":{"name":"initArticleList","decl":{"start":{"line":226,"column":9},"end":{"line":226,"column":24}},"loc":{"start":{"line":226,"column":27},"end":{"line":238,"column":1}},"line":226},"2":{"name":"(anonymous_2)","decl":{"start":{"line":233,"column":15},"end":{"line":233,"column":16}},"loc":{"start":{"line":233,"column":21},"end":{"line":237,"column":5}},"line":233},"3":{"name":"applyFiltersAndSort","decl":{"start":{"line":243,"column":9},"end":{"line":243,"column":28}},"loc":{"start":{"line":243,"column":31},"end":{"line":263,"column":1}},"line":243},"4":{"name":"(anonymous_4)","decl":{"start":{"line":248,"column":46},"end":{"line":248,"column":47}},"loc":{"start":{"line":248,"column":57},"end":{"line":248,"column":93}},"line":248},"5":{"name":"(anonymous_5)","decl":{"start":{"line":254,"column":34},"end":{"line":254,"column":35}},"loc":{"start":{"line":254,"column":44},"end":{"line":254,"column":79}},"line":254},"6":{"name":"(anonymous_6)","decl":{"start":{"line":257,"column":34},"end":{"line":257,"column":35}},"loc":{"start":{"line":257,"column":44},"end":{"line":257,"column":79}},"line":257},"7":{"name":"(anonymous_7)","decl":{"start":{"line":260,"column":34},"end":{"line":260,"column":35}},"loc":{"start":{"line":260,"column":44},"end":{"line":260,"column":61}},"line":260},"8":{"name":"renderArticleList","decl":{"start":{"line":268,"column":9},"end":{"line":268,"column":26}},"loc":{"start":{"line":268,"column":29},"end":{"line":320,"column":1}},"line":268},"9":{"name":"(anonymous_9)","decl":{"start":{"line":294,"column":32},"end":{"line":294,"column":33}},"loc":{"start":{"line":294,"column":43},"end":{"line":316,"column":5}},"line":294},"10":{"name":"setupPagination","decl":{"start":{"line":325,"column":9},"end":{"line":325,"column":24}},"loc":{"start":{"line":325,"column":27},"end":{"line":361,"column":1}},"line":325},"11":{"name":"(anonymous_11)","decl":{"start":{"line":329,"column":41},"end":{"line":329,"column":42}},"loc":{"start":{"line":329,"column":53},"end":{"line":360,"column":5}},"line":329},"12":{"name":"updatePagination","decl":{"start":{"line":366,"column":9},"end":{"line":366,"column":25}},"loc":{"start":{"line":366,"column":28},"end":{"line":400,"column":1}},"line":366},"13":{"name":"setupFilters","decl":{"start":{"line":405,"column":9},"end":{"line":405,"column":21}},"loc":{"start":{"line":405,"column":24},"end":{"line":459,"column":1}},"line":405},"14":{"name":"(anonymous_14)","decl":{"start":{"line":410,"column":26},"end":{"line":410,"column":27}},"loc":{"start":{"line":410,"column":34},"end":{"line":430,"column":5}},"line":410},"15":{"name":"(anonymous_15)","decl":{"start":{"line":411,"column":39},"end":{"line":411,"column":40}},"loc":{"start":{"line":411,"column":51},"end":{"line":429,"column":9}},"line":411},"16":{"name":"(anonymous_16)","decl":{"start":{"line":436,"column":22},"end":{"line":436,"column":23}},"loc":{"start":{"line":436,"column":30},"end":{"line":458,"column":5}},"line":436},"17":{"name":"(anonymous_17)","decl":{"start":{"line":437,"column":39},"end":{"line":437,"column":40}},"loc":{"start":{"line":437,"column":51},"end":{"line":457,"column":9}},"line":437},"18":{"name":"showLoadingSpinner","decl":{"start":{"line":464,"column":9},"end":{"line":464,"column":27}},"loc":{"start":{"line":464,"column":30},"end":{"line":469,"column":1}},"line":464},"19":{"name":"hideLoadingSpinner","decl":{"start":{"line":474,"column":9},"end":{"line":474,"column":27}},"loc":{"start":{"line":474,"column":30},"end":{"line":479,"column":1}},"line":474},"20":{"name":"formatDate","decl":{"start":{"line":484,"column":9},"end":{"line":484,"column":19}},"loc":{"start":{"line":484,"column":32},"end":{"line":490,"column":1}},"line":484},"21":{"name":"formatViews","decl":{"start":{"line":495,"column":9},"end":{"line":495,"column":20}},"loc":{"start":{"line":495,"column":28},"end":{"line":503,"column":1}},"line":495}},"branchMap":{"0":{"loc":{"start":{"line":245,"column":4},"end":{"line":249,"column":5}},"type":"if","locations":[{"start":{"line":245,"column":4},"end":{"line":249,"column":5}},{"start":{"line":247,"column":11},"end":{"line":249,"column":5}}],"line":245},"1":{"loc":{"start":{"line":252,"column":4},"end":{"line":262,"column":5}},"type":"switch","locations":[{"start":{"line":253,"column":8},"end":{"line":255,"column":18}},{"start":{"line":256,"column":8},"end":{"line":258,"column":18}},{"start":{"line":259,"column":8},"end":{"line":261,"column":18}}],"line":252},"2":{"loc":{"start":{"line":276,"column":4},"end":{"line":282,"column":5}},"type":"if","locations":[{"start":{"line":276,"column":4},"end":{"line":282,"column":5}},{"start":{"line":280,"column":11},"end":{"line":282,"column":5}}],"line":276},"3":{"loc":{"start":{"line":285,"column":4},"end":{"line":291,"column":5}},"type":"if","locations":[{"start":{"line":285,"column":4},"end":{"line":291,"column":5}},{"start":{},"end":{}}],"line":285},"4":{"loc":{"start":{"line":332,"column":8},"end":{"line":359,"column":9}},"type":"if","locations":[{"start":{"line":332,"column":8},"end":{"line":359,"column":9}},{"start":{},"end":{}}],"line":332},"5":{"loc":{"start":{"line":336,"column":12},"end":{"line":342,"column":13}},"type":"if","locations":[{"start":{"line":336,"column":12},"end":{"line":342,"column":13}},{"start":{},"end":{}}],"line":336},"6":{"loc":{"start":{"line":337,"column":16},"end":{"line":340,"column":17}},"type":"if","locations":[{"start":{"line":337,"column":16},"end":{"line":340,"column":17}},{"start":{},"end":{}}],"line":337},"7":{"loc":{"start":{"line":345,"column":12},"end":{"line":352,"column":13}},"type":"if","locations":[{"start":{"line":345,"column":12},"end":{"line":352,"column":13}},{"start":{},"end":{}}],"line":345},"8":{"loc":{"start":{"line":347,"column":16},"end":{"line":350,"column":17}},"type":"if","locations":[{"start":{"line":347,"column":16},"end":{"line":350,"column":17}},{"start":{},"end":{}}],"line":347},"9":{"loc":{"start":{"line":355,"column":12},"end":{"line":358,"column":13}},"type":"if","locations":[{"start":{"line":355,"column":12},"end":{"line":358,"column":13}},{"start":{},"end":{}}],"line":355},"10":{"loc":{"start":{"line":375,"column":38},"end":{"line":375,"column":73}},"type":"cond-expr","locations":[{"start":{"line":375,"column":58},"end":{"line":375,"column":68}},{"start":{"line":375,"column":71},"end":{"line":375,"column":73}}],"line":375},"11":{"loc":{"start":{"line":376,"column":58},"end":{"line":376,"column":119}},"type":"cond-expr","locations":[{"start":{"line":376,"column":78},"end":{"line":376,"column":114}},{"start":{"line":376,"column":117},"end":{"line":376,"column":119}}],"line":376},"12":{"loc":{"start":{"line":384,"column":4},"end":{"line":386,"column":5}},"type":"if","locations":[{"start":{"line":384,"column":4},"end":{"line":386,"column":5}},{"start":{},"end":{}}],"line":384},"13":{"loc":{"start":{"line":390,"column":42},"end":{"line":390,"column":75}},"type":"cond-expr","locations":[{"start":{"line":390,"column":62},"end":{"line":390,"column":70}},{"start":{"line":390,"column":73},"end":{"line":390,"column":75}}],"line":390},"14":{"loc":{"start":{"line":397,"column":38},"end":{"line":397,"column":82}},"type":"cond-expr","locations":[{"start":{"line":397,"column":67},"end":{"line":397,"column":77}},{"start":{"line":397,"column":80},"end":{"line":397,"column":82}}],"line":397},"15":{"loc":{"start":{"line":398,"column":58},"end":{"line":398,"column":128}},"type":"cond-expr","locations":[{"start":{"line":398,"column":87},"end":{"line":398,"column":123}},{"start":{"line":398,"column":126},"end":{"line":398,"column":128}}],"line":398},"16":{"loc":{"start":{"line":418,"column":12},"end":{"line":422,"column":13}},"type":"if","locations":[{"start":{"line":418,"column":12},"end":{"line":422,"column":13}},{"start":{"line":420,"column":19},"end":{"line":422,"column":13}}],"line":418},"17":{"loc":{"start":{"line":444,"column":12},"end":{"line":450,"column":13}},"type":"if","locations":[{"start":{"line":444,"column":12},"end":{"line":450,"column":13}},{"start":{"line":446,"column":19},"end":{"line":450,"column":13}}],"line":444},"18":{"loc":{"start":{"line":446,"column":19},"end":{"line":450,"column":13}},"type":"if","locations":[{"start":{"line":446,"column":19},"end":{"line":450,"column":13}},{"start":{"line":448,"column":19},"end":{"line":450,"column":13}}],"line":446},"19":{"loc":{"start":{"line":448,"column":19},"end":{"line":450,"column":13}},"type":"if","locations":[{"start":{"line":448,"column":19},"end":{"line":450,"column":13}},{"start":{},"end":{}}],"line":448},"20":{"loc":{"start":{"line":466,"column":4},"end":{"line":468,"column":5}},"type":"if","locations":[{"start":{"line":466,"column":4},"end":{"line":468,"column":5}},{"start":{},"end":{}}],"line":466},"21":{"loc":{"start":{"line":476,"column":4},"end":{"line":478,"column":5}},"type":"if","locations":[{"start":{"line":476,"column":4},"end":{"line":478,"column":5}},{"start":{},"end":{}}],"line":476},"22":{"loc":{"start":{"line":496,"column":4},"end":{"line":502,"column":5}},"type":"if","locations":[{"start":{"line":496,"column":4},"end":{"line":502,"column":5}},{"start":{"line":498,"column":11},"end":{"line":502,"column":5}}],"line":496},"23":{"loc":{"start":{"line":498,"column":11},"end":{"line":502,"column":5}},"type":"if","locations":[{"start":{"line":498,"column":11},"end":{"line":502,"column":5}},{"start":{"line":500,"column":11},"end":{"line":502,"column":5}}],"line":498}},"s":{"0":0,"1":0,"2":0,"3":0,"4":0,"5":0,"6":0,"7":0,"8":0,"9":0,"10":0,"11":0,"12":0,"13":0,"14":0,"15":0,"16":0,"17":0,"18":0,"19":0,"20":0,"21":0,"22":0,"23":0,"24":0,"25":0,"26":0,"27":0,"28":0,"29":0,"30":0,"31":0,"32":0,"33":0,"34":0,"35":0,"36":0,"37":0,"38":0,"39":0,"40":0,"41":0,"42":0,"43":0,"44":0,"45":0,"46":0,"47":0,"48":0,"49":0,"50":0,"51":0,"52":0,"53":0,"54":0,"55":0,"56":0,"57":0,"58":0,"59":0,"60":0,"61":0,"62":0,"63":0,"64":0,"65":0,"66":0,"67":0,"68":0,"69":0,"70":0,"71":0,"72":0,"73":0,"74":0,"75":0,"76":0,"77":0,"78":0,"79":0,"80":0,"81":0,"82":0,"83":0,"84":0,"85":0,"86":0,"87":0,"88":0,"89":0,"90":0,"91":0,"92":0,"93":0,"94":0,"95":0,"96":0,"97":0,"98":0,"99":0,"100":0,"101":0,"102":0,"103":0,"104":0,"105":0,"106":0,"107":0,"108":0,"109":0,"110":0,"111":0,"112":0,"113":0,"114":0,"115":0,"116":0,"117":0,"118":0,"119":0,"120":0,"121":0,"122":0,"123":0,"124":0,"125":0,"126":0,"127":0,"128":0,"129":0,"130":0,"131":0,"132":0,"133":0,"134":0},"f":{"0":0,"1":0,"2":0,"3":0,"4":0,"5":0,"6":0,"7":0,"8":0,"9":0,"10":0,"11":0,"12":0,"13":0,"14":0,"15":0,"16":0,"17":0,"18":0,"19":0,"20":0,"21":0},"b":{"0":[0,0],"1":[0,0,0],"2":[0,0],"3":[0,0],"4":[0,0],"5":[0,0],"6":[0,0],"7":[0,0],"8":[0,0],"9":[0,0],"10":[0,0],"11":[0,0],"12":[0,0],"13":[0,0],"14":[0,0],"15":[0,0],"16":[0,0],"17":[0,0],"18":[0,0],"19":[0,0],"20":[0,0],"21":[0,0],"22":[0,0],"23":[0,0]}}
,"C:\\Users\\Sats\\Downloads\\jiaocheng\\js\\article.js": {"path":"C:\\Users\\Sats\\Downloads\\jiaocheng\\js\\article.js","statementMap":{"0":{"start":{"line":7,"column":16},"end":{"line":145,"column":1}},"1":{"start":{"line":10,"column":8},"end":{"line":10,"column":39}},"2":{"start":{"line":11,"column":8},"end":{"line":11,"column":37}},"3":{"start":{"line":12,"column":8},"end":{"line":12,"column":34}},"4":{"start":{"line":13,"column":8},"end":{"line":13,"column":30}},"5":{"start":{"line":14,"column":8},"end":{"line":14,"column":33}},"6":{"start":{"line":15,"column":8},"end":{"line":15,"column":28}},"7":{"start":{"line":20,"column":24},"end":{"line":20,"column":66}},"8":{"start":{"line":21,"column":20},"end":{"line":21,"column":58}},"9":{"start":{"line":22,"column":8},"end":{"line":22,"column":37}},"10":{"start":{"line":22,"column":30},"end":{"line":22,"column":37}},"11":{"start":{"line":24,"column":25},"end":{"line":24,"column":59}},"12":{"start":{"line":25,"column":8},"end":{"line":28,"column":9}},"13":{"start":{"line":26,"column":12},"end":{"line":26,"column":53}},"14":{"start":{"line":27,"column":12},"end":{"line":27,"column":19}},"15":{"start":{"line":30,"column":24},"end":{"line":30,"column":52}},"16":{"start":{"line":31,"column":8},"end":{"line":43,"column":11}},"17":{"start":{"line":33,"column":12},"end":{"line":33,"column":44}},"18":{"start":{"line":35,"column":23},"end":{"line":35,"column":51}},"19":{"start":{"line":36,"column":22},"end":{"line":36,"column":49}},"20":{"start":{"line":37,"column":12},"end":{"line":37,"column":38}},"21":{"start":{"line":38,"column":12},"end":{"line":38,"column":48}},"22":{"start":{"line":39,"column":12},"end":{"line":39,"column":68}},"23":{"start":{"line":41,"column":12},"end":{"line":41,"column":30}},"24":{"start":{"line":42,"column":12},"end":{"line":42,"column":36}},"25":{"start":{"line":45,"column":8},"end":{"line":45,"column":33}},"26":{"start":{"line":52,"column":8},"end":{"line":56,"column":11}},"27":{"start":{"line":53,"column":12},"end":{"line":55,"column":13}},"28":{"start":{"line":54,"column":16},"end":{"line":54,"column":58}},"29":{"start":{"line":61,"column":23},"end":{"line":61,"column":72}},"30":{"start":{"line":62,"column":8},"end":{"line":90,"column":11}},"31":{"start":{"line":63,"column":12},"end":{"line":63,"column":41}},"32":{"start":{"line":64,"column":12},"end":{"line":89,"column":15}},"33":{"start":{"line":65,"column":30},"end":{"line":65,"column":59}},"34":{"start":{"line":66,"column":16},"end":{"line":66,"column":47}},"35":{"start":{"line":67,"column":16},"end":{"line":67,"column":38}},"36":{"start":{"line":68,"column":16},"end":{"line":68,"column":39}},"37":{"start":{"line":69,"column":16},"end":{"line":69,"column":43}},"38":{"start":{"line":70,"column":16},"end":{"line":70,"column":44}},"39":{"start":{"line":71,"column":16},"end":{"line":71,"column":64}},"40":{"start":{"line":72,"column":16},"end":{"line":72,"column":45}},"41":{"start":{"line":73,"column":16},"end":{"line":73,"column":50}},"42":{"start":{"line":74,"column":16},"end":{"line":74,"column":54}},"43":{"start":{"line":75,"column":16},"end":{"line":75,"column":44}},"44":{"start":{"line":77,"column":33},"end":{"line":77,"column":62}},"45":{"start":{"line":78,"column":16},"end":{"line":78,"column":39}},"46":{"start":{"line":79,"column":16},"end":{"line":79,"column":49}},"47":{"start":{"line":80,"column":16},"end":{"line":80,"column":48}},"48":{"start":{"line":81,"column":16},"end":{"line":81,"column":53}},"49":{"start":{"line":83,"column":16},"end":{"line":83,"column":44}},"50":{"start":{"line":84,"column":16},"end":{"line":84,"column":49}},"51":{"start":{"line":86,"column":16},"end":{"line":88,"column":19}},"52":{"start":{"line":87,"column":20},"end":{"line":87,"column":35}},"53":{"start":{"line":95,"column":25},"end":{"line":95,"column":68}},"54":{"start":{"line":96,"column":8},"end":{"line":96,"column":42}},"55":{"start":{"line":96,"column":35},"end":{"line":96,"column":42}},"56":{"start":{"line":98,"column":32},"end":{"line":101,"column":9}},"57":{"start":{"line":103,"column":25},"end":{"line":113,"column":27}},"58":{"start":{"line":104,"column":12},"end":{"line":112,"column":15}},"59":{"start":{"line":105,"column":27},"end":{"line":105,"column":58}},"60":{"start":{"line":106,"column":29},"end":{"line":106,"column":84}},"61":{"start":{"line":108,"column":16},"end":{"line":111,"column":17}},"62":{"start":{"line":109,"column":20},"end":{"line":109,"column":72}},"63":{"start":{"line":109,"column":42},"end":{"line":109,"column":70}},"64":{"start":{"line":110,"column":20},"end":{"line":110,"column":50}},"65":{"start":{"line":115,"column":8},"end":{"line":117,"column":11}},"66":{"start":{"line":116,"column":12},"end":{"line":116,"column":38}},"67":{"start":{"line":122,"column":29},"end":{"line":122,"column":74}},"68":{"start":{"line":123,"column":8},"end":{"line":129,"column":11}},"69":{"start":{"line":124,"column":12},"end":{"line":128,"column":15}},"70":{"start":{"line":125,"column":16},"end":{"line":125,"column":35}},"71":{"start":{"line":126,"column":28},"end":{"line":126,"column":39}},"72":{"start":{"line":127,"column":16},"end":{"line":127,"column":73}},"73":{"start":{"line":135,"column":34},"end":{"line":135,"column":69}},"74":{"start":{"line":136,"column":8},"end":{"line":136,"column":39}},"75":{"start":{"line":136,"column":32},"end":{"line":136,"column":39}},"76":{"start":{"line":139,"column":8},"end":{"line":143,"column":10}},"77":{"start":{"line":148,"column":0},"end":{"line":150,"column":3}},"78":{"start":{"line":149,"column":4},"end":{"line":149,"column":19}},"79":{"start":{"line":156,"column":24},"end":{"line":156,"column":71}},"80":{"start":{"line":158,"column":4},"end":{"line":169,"column":5}},"81":{"start":{"line":159,"column":8},"end":{"line":168,"column":11}},"82":{"start":{"line":161,"column":33},"end":{"line":161,"column":51}},"83":{"start":{"line":162,"column":35},"end":{"line":162,"column":87}},"84":{"start":{"line":163,"column":35},"end":{"line":163,"column":49}},"85":{"start":{"line":164,"column":29},"end":{"line":164,"column":68}},"86":{"start":{"line":167,"column":12},"end":{"line":167,"column":53}},"87":{"start":{"line":176,"column":28},"end":{"line":176,"column":66}},"88":{"start":{"line":178,"column":4},"end":{"line":195,"column":5}},"89":{"start":{"line":180,"column":8},"end":{"line":186,"column":11}},"90":{"start":{"line":181,"column":12},"end":{"line":185,"column":13}},"91":{"start":{"line":182,"column":16},"end":{"line":182,"column":57}},"92":{"start":{"line":184,"column":16},"end":{"line":184,"column":60}},"93":{"start":{"line":189,"column":8},"end":{"line":194,"column":11}},"94":{"start":{"line":190,"column":12},"end":{"line":193,"column":15}},"95":{"start":{"line":202,"column":22},"end":{"line":202,"column":59}},"96":{"start":{"line":203,"column":23},"end":{"line":203,"column":74}},"97":{"start":{"line":205,"column":4},"end":{"line":218,"column":5}},"98":{"start":{"line":206,"column":8},"end":{"line":217,"column":11}},"99":{"start":{"line":207,"column":12},"end":{"line":207,"column":53}},"100":{"start":{"line":208,"column":12},"end":{"line":208,"column":52}},"101":{"start":{"line":211,"column":25},"end":{"line":211,"column":53}},"102":{"start":{"line":212,"column":12},"end":{"line":216,"column":13}},"103":{"start":{"line":213,"column":16},"end":{"line":213,"column":55}},"104":{"start":{"line":215,"column":16},"end":{"line":215,"column":53}},"105":{"start":{"line":227,"column":18},"end":{"line":227,"column":49}},"106":{"start":{"line":228,"column":4},"end":{"line":366,"column":6}},"107":{"start":{"line":369,"column":4},"end":{"line":369,"column":37}},"108":{"start":{"line":373,"column":0},"end":{"line":373,"column":18}}},"fnMap":{"0":{"name":"(anonymous_0)","decl":{"start":{"line":9,"column":4},"end":{"line":9,"column":5}},"loc":{"start":{"line":9,"column":11},"end":{"line":16,"column":5}},"line":9},"1":{"name":"(anonymous_1)","decl":{"start":{"line":19,"column":4},"end":{"line":19,"column":5}},"loc":{"start":{"line":19,"column":30},"end":{"line":46,"column":5}},"line":19},"2":{"name":"(anonymous_2)","decl":{"start":{"line":31,"column":25},"end":{"line":31,"column":26}},"loc":{"start":{"line":31,"column":45},"end":{"line":43,"column":9}},"line":31},"3":{"name":"(anonymous_3)","decl":{"start":{"line":49,"column":4},"end":{"line":49,"column":5}},"loc":{"start":{"line":49,"column":28},"end":{"line":57,"column":5}},"line":49},"4":{"name":"(anonymous_4)","decl":{"start":{"line":52,"column":54},"end":{"line":52,"column":55}},"loc":{"start":{"line":52,"column":65},"end":{"line":56,"column":9}},"line":52},"5":{"name":"(anonymous_5)","decl":{"start":{"line":60,"column":4},"end":{"line":60,"column":5}},"loc":{"start":{"line":60,"column":25},"end":{"line":91,"column":5}},"line":60},"6":{"name":"(anonymous_6)","decl":{"start":{"line":62,"column":23},"end":{"line":62,"column":24}},"loc":{"start":{"line":62,"column":30},"end":{"line":90,"column":9}},"line":62},"7":{"name":"(anonymous_7)","decl":{"start":{"line":64,"column":42},"end":{"line":64,"column":43}},"loc":{"start":{"line":64,"column":48},"end":{"line":89,"column":13}},"line":64},"8":{"name":"(anonymous_8)","decl":{"start":{"line":86,"column":48},"end":{"line":86,"column":49}},"loc":{"start":{"line":86,"column":54},"end":{"line":88,"column":17}},"line":86},"9":{"name":"(anonymous_9)","decl":{"start":{"line":94,"column":4},"end":{"line":94,"column":5}},"loc":{"start":{"line":94,"column":21},"end":{"line":118,"column":5}},"line":94},"10":{"name":"(anonymous_10)","decl":{"start":{"line":103,"column":50},"end":{"line":103,"column":51}},"loc":{"start":{"line":103,"column":61},"end":{"line":113,"column":9}},"line":103},"11":{"name":"(anonymous_11)","decl":{"start":{"line":104,"column":28},"end":{"line":104,"column":29}},"loc":{"start":{"line":104,"column":37},"end":{"line":112,"column":13}},"line":104},"12":{"name":"(anonymous_12)","decl":{"start":{"line":109,"column":37},"end":{"line":109,"column":38}},"loc":{"start":{"line":109,"column":42},"end":{"line":109,"column":70}},"line":109},"13":{"name":"(anonymous_13)","decl":{"start":{"line":115,"column":86},"end":{"line":115,"column":87}},"loc":{"start":{"line":115,"column":99},"end":{"line":117,"column":9}},"line":115},"14":{"name":"(anonymous_14)","decl":{"start":{"line":121,"column":4},"end":{"line":121,"column":5}},"loc":{"start":{"line":121,"column":24},"end":{"line":130,"column":5}},"line":121},"15":{"name":"(anonymous_15)","decl":{"start":{"line":123,"column":29},"end":{"line":123,"column":30}},"loc":{"start":{"line":123,"column":39},"end":{"line":129,"column":9}},"line":123},"16":{"name":"(anonymous_16)","decl":{"start":{"line":124,"column":45},"end":{"line":124,"column":46}},"loc":{"start":{"line":124,"column":52},"end":{"line":128,"column":13}},"line":124},"17":{"name":"(anonymous_17)","decl":{"start":{"line":133,"column":4},"end":{"line":133,"column":5}},"loc":{"start":{"line":133,"column":19},"end":{"line":144,"column":5}},"line":133},"18":{"name":"(anonymous_18)","decl":{"start":{"line":148,"column":46},"end":{"line":148,"column":47}},"loc":{"start":{"line":148,"column":52},"end":{"line":150,"column":1}},"line":148},"19":{"name":"initReadingProgress","decl":{"start":{"line":155,"column":9},"end":{"line":155,"column":28}},"loc":{"start":{"line":155,"column":31},"end":{"line":170,"column":1}},"line":155},"20":{"name":"(anonymous_20)","decl":{"start":{"line":159,"column":42},"end":{"line":159,"column":43}},"loc":{"start":{"line":159,"column":53},"end":{"line":168,"column":9}},"line":159},"21":{"name":"initBackToTop","decl":{"start":{"line":175,"column":9},"end":{"line":175,"column":22}},"loc":{"start":{"line":175,"column":25},"end":{"line":196,"column":1}},"line":175},"22":{"name":"(anonymous_22)","decl":{"start":{"line":180,"column":42},"end":{"line":180,"column":43}},"loc":{"start":{"line":180,"column":53},"end":{"line":186,"column":9}},"line":180},"23":{"name":"(anonymous_23)","decl":{"start":{"line":189,"column":50},"end":{"line":189,"column":51}},"loc":{"start":{"line":189,"column":61},"end":{"line":194,"column":9}},"line":189},"24":{"name":"initTocToggle","decl":{"start":{"line":201,"column":9},"end":{"line":201,"column":22}},"loc":{"start":{"line":201,"column":25},"end":{"line":219,"column":1}},"line":201},"25":{"name":"(anonymous_25)","decl":{"start":{"line":206,"column":44},"end":{"line":206,"column":45}},"loc":{"start":{"line":206,"column":55},"end":{"line":217,"column":9}},"line":206},"26":{"name":"addCustomStyles","decl":{"start":{"line":225,"column":9},"end":{"line":225,"column":24}},"loc":{"start":{"line":225,"column":27},"end":{"line":370,"column":1}},"line":225}},"branchMap":{"0":{"loc":{"start":{"line":22,"column":8},"end":{"line":22,"column":37}},"type":"if","locations":[{"start":{"line":22,"column":8},"end":{"line":22,"column":37}},{"start":{},"end":{}}],"line":22},"1":{"loc":{"start":{"line":22,"column":12},"end":{"line":22,"column":28}},"type":"binary-expr","locations":[{"start":{"line":22,"column":12},"end":{"line":22,"column":20}},{"start":{"line":22,"column":24},"end":{"line":22,"column":28}}],"line":22},"2":{"loc":{"start":{"line":25,"column":8},"end":{"line":28,"column":9}},"type":"if","locations":[{"start":{"line":25,"column":8},"end":{"line":28,"column":9}},{"start":{},"end":{}}],"line":25},"3":{"loc":{"start":{"line":53,"column":12},"end":{"line":55,"column":13}},"type":"if","locations":[{"start":{"line":53,"column":12},"end":{"line":55,"column":13}},{"start":{},"end":{}}],"line":53},"4":{"loc":{"start":{"line":96,"column":8},"end":{"line":96,"column":42}},"type":"if","locations":[{"start":{"line":96,"column":8},"end":{"line":96,"column":42}},{"start":{},"end":{}}],"line":96},"5":{"loc":{"start":{"line":108,"column":16},"end":{"line":111,"column":17}},"type":"if","locations":[{"start":{"line":108,"column":16},"end":{"line":111,"column":17}},{"start":{},"end":{}}],"line":108},"6":{"loc":{"start":{"line":136,"column":8},"end":{"line":136,"column":39}},"type":"if","locations":[{"start":{"line":136,"column":8},"end":{"line":136,"column":39}},{"start":{},"end":{}}],"line":136},"7":{"loc":{"start":{"line":158,"column":4},"end":{"line":169,"column":5}},"type":"if","locations":[{"start":{"line":158,"column":4},"end":{"line":169,"column":5}},{"start":{},"end":{}}],"line":158},"8":{"loc":{"start":{"line":178,"column":4},"end":{"line":195,"column":5}},"type":"if","locations":[{"start":{"line":178,"column":4},"end":{"line":195,"column":5}},{"start":{},"end":{}}],"line":178},"9":{"loc":{"start":{"line":181,"column":12},"end":{"line":185,"column":13}},"type":"if","locations":[{"start":{"line":181,"column":12},"end":{"line":185,"column":13}},{"start":{"line":183,"column":19},"end":{"line":185,"column":13}}],"line":181},"10":{"loc":{"start":{"line":205,"column":4},"end":{"line":218,"column":5}},"type":"if","locations":[{"start":{"line":205,"column":4},"end":{"line":218,"column":5}},{"start":{},"end":{}}],"line":205},"11":{"loc":{"start":{"line":205,"column":8},"end":{"line":205,"column":31}},"type":"binary-expr","locations":[{"start":{"line":205,"column":8},"end":{"line":205,"column":17}},{"start":{"line":205,"column":21},"end":{"line":205,"column":31}}],"line":205},"12":{"loc":{"start":{"line":212,"column":12},"end":{"line":216,"column":13}},"type":"if","locations":[{"start":{"line":212,"column":12},"end":{"line":216,"column":13}},{"start":{"line":214,"column":19},"end":{"line":216,"column":13}}],"line":212}},"s":{"0":0,"1":0,"2":0,"3":0,"4":0,"5":0,"6":0,"7":0,"8":0,"9":0,"10":0,"11":0,"12":0,"13":0,"14":0,"15":0,"16":0,"17":0,"18":0,"19":0,"20":0,"21":0,"22":0,"23":0,"24":0,"25":0,"26":0,"27":0,"28":0,"29":0,"30":0,"31":0,"32":0,"33":0,"34":0,"35":0,"36":0,"37":0,"38":0,"39":0,"40":0,"41":0,"42":0,"43":0,"44":0,"45":0,"46":0,"47":0,"48":0,"49":0,"50":0,"51":0,"52":0,"53":0,"54":0,"55":0,"56":0,"57":0,"58":0,"59":0,"60":0,"61":0,"62":0,"63":0,"64":0,"65":0,"66":0,"67":0,"68":0,"69":0,"70":0,"71":0,"72":0,"73":0,"74":0,"75":0,"76":0,"77":0,"78":0,"79":0,"80":0,"81":0,"82":0,"83":0,"84":0,"85":0,"86":0,"87":0,"88":0,"89":0,"90":0,"91":0,"92":0,"93":0,"94":0,"95":0,"96":0,"97":0,"98":0,"99":0,"100":0,"101":0,"102":0,"103":0,"104":0,"105":0,"106":0,"107":0,"108":0},"f":{"0":0,"1":0,"2":0,"3":0,"4":0,"5":0,"6":0,"7":0,"8":0,"9":0,"10":0,"11":0,"12":0,"13":0,"14":0,"15":0,"16":0,"17":0,"18":0,"19":0,"20":0,"21":0,"22":0,"23":0,"24":0,"25":0,"26":0},"b":{"0":[0,0],"1":[0,0],"2":[0,0],"3":[0,0],"4":[0,0],"5":[0,0],"6":[0,0],"7":[0,0],"8":[0,0],"9":[0,0],"10":[0,0],"11":[0,0],"12":[0,0]}}
,"C:\\Users\\Sats\\Downloads\\jiaocheng\\js\\articles.js": {"path":"C:\\Users\\Sats\\Downloads\\jiaocheng\\js\\articles.js","statementMap":{"0":{"start":{"line":2,"column":17},"end":{"line":316,"column":1}},"1":{"start":{"line":13,"column":8},"end":{"line":13,"column":28}},"2":{"start":{"line":14,"column":8},"end":{"line":14,"column":35}},"3":{"start":{"line":15,"column":8},"end":{"line":15,"column":30}},"4":{"start":{"line":16,"column":8},"end":{"line":16,"column":28}},"5":{"start":{"line":17,"column":8},"end":{"line":17,"column":35}},"6":{"start":{"line":22,"column":8},"end":{"line":37,"column":9}},"7":{"start":{"line":23,"column":29},"end":{"line":23,"column":61}},"8":{"start":{"line":24,"column":29},"end":{"line":24,"column":50}},"9":{"start":{"line":27,"column":35},"end":{"line":27,"column":64}},"10":{"start":{"line":30,"column":12},"end":{"line":30,"column":59}},"11":{"start":{"line":33,"column":12},"end":{"line":33,"column":51}},"12":{"start":{"line":35,"column":12},"end":{"line":35,"column":44}},"13":{"start":{"line":36,"column":12},"end":{"line":36,"column":45}},"14":{"start":{"line":42,"column":8},"end":{"line":59,"column":63}},"15":{"start":{"line":44,"column":12},"end":{"line":51,"column":13}},"16":{"start":{"line":45,"column":36},"end":{"line":45,"column":76}},"17":{"start":{"line":46,"column":16},"end":{"line":50,"column":17}},"18":{"start":{"line":49,"column":20},"end":{"line":49,"column":33}},"19":{"start":{"line":54,"column":12},"end":{"line":56,"column":13}},"20":{"start":{"line":55,"column":16},"end":{"line":55,"column":70}},"21":{"start":{"line":58,"column":12},"end":{"line":58,"column":24}},"22":{"start":{"line":59,"column":26},"end":{"line":59,"column":61}},"23":{"start":{"line":64,"column":26},"end":{"line":64,"column":66}},"24":{"start":{"line":65,"column":22},"end":{"line":65,"column":81}},"25":{"start":{"line":66,"column":20},"end":{"line":66,"column":55}},"26":{"start":{"line":67,"column":29},"end":{"line":67,"column":55}},"27":{"start":{"line":69,"column":8},"end":{"line":69,"column":100}},"28":{"start":{"line":69,"column":58},"end":{"line":69,"column":89}},"29":{"start":{"line":74,"column":8},"end":{"line":105,"column":10}},"30":{"start":{"line":99,"column":50},"end":{"line":101,"column":25}},"31":{"start":{"line":110,"column":27},"end":{"line":110,"column":81}},"32":{"start":{"line":111,"column":27},"end":{"line":111,"column":76}},"33":{"start":{"line":113,"column":29},"end":{"line":113,"column":31}},"34":{"start":{"line":116,"column":8},"end":{"line":122,"column":10}},"35":{"start":{"line":125,"column":8},"end":{"line":131,"column":9}},"36":{"start":{"line":125,"column":21},"end":{"line":125,"column":22}},"37":{"start":{"line":126,"column":12},"end":{"line":130,"column":14}},"38":{"start":{"line":134,"column":8},"end":{"line":140,"column":10}},"39":{"start":{"line":142,"column":8},"end":{"line":142,"column":46}},"40":{"start":{"line":147,"column":8},"end":{"line":168,"column":9}},"41":{"start":{"line":148,"column":29},"end":{"line":148,"column":61}},"42":{"start":{"line":149,"column":29},"end":{"line":149,"column":50}},"43":{"start":{"line":152,"column":31},"end":{"line":155,"column":18}},"44":{"start":{"line":153,"column":16},"end":{"line":153,"column":73}},"45":{"start":{"line":154,"column":16},"end":{"line":154,"column":27}},"46":{"start":{"line":158,"column":30},"end":{"line":158,"column":72}},"47":{"start":{"line":159,"column":12},"end":{"line":165,"column":28}},"48":{"start":{"line":160,"column":44},"end":{"line":165,"column":17}},"49":{"start":{"line":167,"column":12},"end":{"line":167,"column":44}},"50":{"start":{"line":173,"column":8},"end":{"line":203,"column":9}},"51":{"start":{"line":174,"column":29},"end":{"line":174,"column":61}},"52":{"start":{"line":175,"column":29},"end":{"line":175,"column":50}},"53":{"start":{"line":178,"column":30},"end":{"line":183,"column":18}},"54":{"start":{"line":179,"column":16},"end":{"line":181,"column":19}},"55":{"start":{"line":180,"column":20},"end":{"line":180,"column":51}},"56":{"start":{"line":182,"column":16},"end":{"line":182,"column":27}},"57":{"start":{"line":186,"column":29},"end":{"line":186,"column":66}},"58":{"start":{"line":187,"column":25},"end":{"line":190,"column":15}},"59":{"start":{"line":187,"column":74},"end":{"line":190,"column":13}},"60":{"start":{"line":193,"column":30},"end":{"line":193,"column":67}},"61":{"start":{"line":194,"column":12},"end":{"line":200,"column":28}},"62":{"start":{"line":195,"column":28},"end":{"line":195,"column":47}},"63":{"start":{"line":196,"column":40},"end":{"line":200,"column":17}},"64":{"start":{"line":202,"column":12},"end":{"line":202,"column":45}},"65":{"start":{"line":208,"column":8},"end":{"line":236,"column":9}},"66":{"start":{"line":209,"column":29},"end":{"line":209,"column":61}},"67":{"start":{"line":210,"column":29},"end":{"line":210,"column":50}},"68":{"start":{"line":213,"column":36},"end":{"line":215,"column":28}},"69":{"start":{"line":214,"column":32},"end":{"line":214,"column":67}},"70":{"start":{"line":218,"column":30},"end":{"line":218,"column":73}},"71":{"start":{"line":219,"column":12},"end":{"line":233,"column":24}},"72":{"start":{"line":219,"column":65},"end":{"line":233,"column":13}},"73":{"start":{"line":235,"column":12},"end":{"line":235,"column":46}},"74":{"start":{"line":242,"column":8},"end":{"line":257,"column":11}},"75":{"start":{"line":243,"column":12},"end":{"line":256,"column":13}},"76":{"start":{"line":244,"column":16},"end":{"line":244,"column":35}},"77":{"start":{"line":245,"column":31},"end":{"line":245,"column":54}},"78":{"start":{"line":248,"column":16},"end":{"line":250,"column":19}},"79":{"start":{"line":249,"column":20},"end":{"line":249,"column":82}},"80":{"start":{"line":253,"column":16},"end":{"line":253,"column":51}},"81":{"start":{"line":254,"column":16},"end":{"line":254,"column":44}},"82":{"start":{"line":255,"column":16},"end":{"line":255,"column":36}},"83":{"start":{"line":260,"column":8},"end":{"line":276,"column":11}},"84":{"start":{"line":261,"column":12},"end":{"line":275,"column":13}},"85":{"start":{"line":262,"column":16},"end":{"line":262,"column":35}},"86":{"start":{"line":263,"column":29},"end":{"line":263,"column":60}},"87":{"start":{"line":265,"column":16},"end":{"line":274,"column":17}},"88":{"start":{"line":266,"column":20},"end":{"line":266,"column":51}},"89":{"start":{"line":267,"column":20},"end":{"line":267,"column":40}},"90":{"start":{"line":270,"column":20},"end":{"line":273,"column":23}},"91":{"start":{"line":279,"column":8},"end":{"line":286,"column":11}},"92":{"start":{"line":280,"column":12},"end":{"line":280,"column":31}},"93":{"start":{"line":281,"column":26},"end":{"line":281,"column":70}},"94":{"start":{"line":283,"column":12},"end":{"line":283,"column":44}},"95":{"start":{"line":284,"column":12},"end":{"line":284,"column":40}},"96":{"start":{"line":285,"column":12},"end":{"line":285,"column":32}},"97":{"start":{"line":289,"column":8},"end":{"line":304,"column":11}},"98":{"start":{"line":290,"column":12},"end":{"line":303,"column":13}},"99":{"start":{"line":291,"column":16},"end":{"line":291,"column":35}},"100":{"start":{"line":292,"column":33},"end":{"line":292,"column":58}},"101":{"start":{"line":294,"column":16},"end":{"line":294,"column":53}},"102":{"start":{"line":295,"column":16},"end":{"line":295,"column":44}},"103":{"start":{"line":298,"column":16},"end":{"line":300,"column":19}},"104":{"start":{"line":299,"column":20},"end":{"line":299,"column":84}},"105":{"start":{"line":302,"column":16},"end":{"line":302,"column":36}},"106":{"start":{"line":309,"column":26},"end":{"line":309,"column":66}},"107":{"start":{"line":310,"column":8},"end":{"line":314,"column":10}},"108":{"start":{"line":319,"column":0},"end":{"line":321,"column":3}},"109":{"start":{"line":320,"column":4},"end":{"line":320,"column":20}}},"fnMap":{"0":{"name":"(anonymous_0)","decl":{"start":{"line":12,"column":4},"end":{"line":12,"column":5}},"loc":{"start":{"line":12,"column":11},"end":{"line":18,"column":5}},"line":12},"1":{"name":"(anonymous_1)","decl":{"start":{"line":21,"column":4},"end":{"line":21,"column":5}},"loc":{"start":{"line":21,"column":25},"end":{"line":38,"column":5}},"line":21},"2":{"name":"(anonymous_2)","decl":{"start":{"line":41,"column":4},"end":{"line":41,"column":5}},"loc":{"start":{"line":41,"column":29},"end":{"line":60,"column":5}},"line":41},"3":{"name":"(anonymous_3)","decl":{"start":{"line":42,"column":31},"end":{"line":42,"column":32}},"loc":{"start":{"line":42,"column":42},"end":{"line":59,"column":9}},"line":42},"4":{"name":"(anonymous_4)","decl":{"start":{"line":59,"column":16},"end":{"line":59,"column":17}},"loc":{"start":{"line":59,"column":26},"end":{"line":59,"column":61}},"line":59},"5":{"name":"(anonymous_5)","decl":{"start":{"line":63,"column":4},"end":{"line":63,"column":5}},"loc":{"start":{"line":63,"column":30},"end":{"line":70,"column":5}},"line":63},"6":{"name":"(anonymous_6)","decl":{"start":{"line":69,"column":47},"end":{"line":69,"column":48}},"loc":{"start":{"line":69,"column":58},"end":{"line":69,"column":89}},"line":69},"7":{"name":"(anonymous_7)","decl":{"start":{"line":73,"column":4},"end":{"line":73,"column":5}},"loc":{"start":{"line":73,"column":31},"end":{"line":106,"column":5}},"line":73},"8":{"name":"(anonymous_8)","decl":{"start":{"line":99,"column":43},"end":{"line":99,"column":44}},"loc":{"start":{"line":99,"column":50},"end":{"line":101,"column":25}},"line":99},"9":{"name":"(anonymous_9)","decl":{"start":{"line":109,"column":4},"end":{"line":109,"column":5}},"loc":{"start":{"line":109,"column":36},"end":{"line":143,"column":5}},"line":109},"10":{"name":"(anonymous_10)","decl":{"start":{"line":146,"column":4},"end":{"line":146,"column":5}},"loc":{"start":{"line":146,"column":27},"end":{"line":169,"column":5}},"line":146},"11":{"name":"(anonymous_11)","decl":{"start":{"line":152,"column":47},"end":{"line":152,"column":48}},"loc":{"start":{"line":152,"column":65},"end":{"line":155,"column":13}},"line":152},"12":{"name":"(anonymous_12)","decl":{"start":{"line":160,"column":21},"end":{"line":160,"column":22}},"loc":{"start":{"line":160,"column":44},"end":{"line":165,"column":17}},"line":160},"13":{"name":"(anonymous_13)","decl":{"start":{"line":172,"column":4},"end":{"line":172,"column":5}},"loc":{"start":{"line":172,"column":25},"end":{"line":204,"column":5}},"line":172},"14":{"name":"(anonymous_14)","decl":{"start":{"line":178,"column":46},"end":{"line":178,"column":47}},"loc":{"start":{"line":178,"column":64},"end":{"line":183,"column":13}},"line":178},"15":{"name":"(anonymous_15)","decl":{"start":{"line":179,"column":37},"end":{"line":179,"column":38}},"loc":{"start":{"line":179,"column":44},"end":{"line":181,"column":17}},"line":179},"16":{"name":"(anonymous_16)","decl":{"start":{"line":187,"column":55},"end":{"line":187,"column":56}},"loc":{"start":{"line":187,"column":74},"end":{"line":190,"column":13}},"line":187},"17":{"name":"(anonymous_17)","decl":{"start":{"line":195,"column":22},"end":{"line":195,"column":23}},"loc":{"start":{"line":195,"column":28},"end":{"line":195,"column":47}},"line":195},"18":{"name":"(anonymous_18)","decl":{"start":{"line":196,"column":21},"end":{"line":196,"column":22}},"loc":{"start":{"line":196,"column":40},"end":{"line":200,"column":17}},"line":196},"19":{"name":"(anonymous_19)","decl":{"start":{"line":207,"column":4},"end":{"line":207,"column":5}},"loc":{"start":{"line":207,"column":32},"end":{"line":237,"column":5}},"line":207},"20":{"name":"(anonymous_20)","decl":{"start":{"line":214,"column":22},"end":{"line":214,"column":23}},"loc":{"start":{"line":214,"column":32},"end":{"line":214,"column":67}},"line":214},"21":{"name":"(anonymous_21)","decl":{"start":{"line":219,"column":54},"end":{"line":219,"column":55}},"loc":{"start":{"line":219,"column":65},"end":{"line":233,"column":13}},"line":219},"22":{"name":"(anonymous_22)","decl":{"start":{"line":240,"column":4},"end":{"line":240,"column":5}},"loc":{"start":{"line":240,"column":26},"end":{"line":305,"column":5}},"line":240},"23":{"name":"(anonymous_23)","decl":{"start":{"line":242,"column":77},"end":{"line":242,"column":78}},"loc":{"start":{"line":242,"column":82},"end":{"line":257,"column":9}},"line":242},"24":{"name":"(anonymous_24)","decl":{"start":{"line":248,"column":67},"end":{"line":248,"column":68}},"loc":{"start":{"line":248,"column":74},"end":{"line":250,"column":17}},"line":248},"25":{"name":"(anonymous_25)","decl":{"start":{"line":260,"column":81},"end":{"line":260,"column":82}},"loc":{"start":{"line":260,"column":86},"end":{"line":276,"column":9}},"line":260},"26":{"name":"(anonymous_26)","decl":{"start":{"line":279,"column":74},"end":{"line":279,"column":75}},"loc":{"start":{"line":279,"column":79},"end":{"line":286,"column":9}},"line":279},"27":{"name":"(anonymous_27)","decl":{"start":{"line":289,"column":77},"end":{"line":289,"column":78}},"loc":{"start":{"line":289,"column":82},"end":{"line":304,"column":9}},"line":289},"28":{"name":"(anonymous_28)","decl":{"start":{"line":298,"column":67},"end":{"line":298,"column":68}},"loc":{"start":{"line":298,"column":74},"end":{"line":300,"column":17}},"line":298},"29":{"name":"(anonymous_29)","decl":{"start":{"line":308,"column":4},"end":{"line":308,"column":5}},"loc":{"start":{"line":308,"column":23},"end":{"line":315,"column":5}},"line":308},"30":{"name":"(anonymous_30)","decl":{"start":{"line":319,"column":46},"end":{"line":319,"column":47}},"loc":{"start":{"line":319,"column":52},"end":{"line":321,"column":1}},"line":319}},"branchMap":{"0":{"loc":{"start":{"line":44,"column":12},"end":{"line":51,"column":13}},"type":"if","locations":[{"start":{"line":44,"column":12},"end":{"line":51,"column":13}},{"start":{},"end":{}}],"line":44},"1":{"loc":{"start":{"line":46,"column":16},"end":{"line":50,"column":17}},"type":"if","locations":[{"start":{"line":46,"column":16},"end":{"line":50,"column":17}},{"start":{},"end":{}}],"line":46},"2":{"loc":{"start":{"line":46,"column":20},"end":{"line":48,"column":54}},"type":"binary-expr","locations":[{"start":{"line":46,"column":20},"end":{"line":46,"column":52}},{"start":{"line":47,"column":20},"end":{"line":47,"column":58}},{"start":{"line":48,"column":20},"end":{"line":48,"column":54}}],"line":46},"3":{"loc":{"start":{"line":54,"column":12},"end":{"line":56,"column":13}},"type":"if","locations":[{"start":{"line":54,"column":12},"end":{"line":56,"column":13}},{"start":{},"end":{}}],"line":54},"4":{"loc":{"start":{"line":76,"column":18},"end":{"line":78,"column":22}},"type":"cond-expr","locations":[{"start":{"line":76,"column":34},"end":{"line":78,"column":17}},{"start":{"line":78,"column":20},"end":{"line":78,"column":22}}],"line":76},"5":{"loc":{"start":{"line":117,"column":35},"end":{"line":117,"column":82}},"type":"cond-expr","locations":[{"start":{"line":117,"column":67},"end":{"line":117,"column":77}},{"start":{"line":117,"column":80},"end":{"line":117,"column":82}}],"line":117},"6":{"loc":{"start":{"line":127,"column":39},"end":{"line":127,"column":84}},"type":"cond-expr","locations":[{"start":{"line":127,"column":71},"end":{"line":127,"column":79}},{"start":{"line":127,"column":82},"end":{"line":127,"column":84}}],"line":127},"7":{"loc":{"start":{"line":135,"column":35},"end":{"line":135,"column":91}},"type":"cond-expr","locations":[{"start":{"line":135,"column":76},"end":{"line":135,"column":86}},{"start":{"line":135,"column":89},"end":{"line":135,"column":91}}],"line":135},"8":{"loc":{"start":{"line":153,"column":41},"end":{"line":153,"column":67}},"type":"binary-expr","locations":[{"start":{"line":153,"column":41},"end":{"line":153,"column":62}},{"start":{"line":153,"column":66},"end":{"line":153,"column":67}}],"line":153},"9":{"loc":{"start":{"line":180,"column":32},"end":{"line":180,"column":45}},"type":"binary-expr","locations":[{"start":{"line":180,"column":32},"end":{"line":180,"column":40}},{"start":{"line":180,"column":44},"end":{"line":180,"column":45}}],"line":180},"10":{"loc":{"start":{"line":221,"column":22},"end":{"line":223,"column":26}},"type":"cond-expr","locations":[{"start":{"line":221,"column":38},"end":{"line":223,"column":21}},{"start":{"line":223,"column":24},"end":{"line":223,"column":26}}],"line":221},"11":{"loc":{"start":{"line":243,"column":12},"end":{"line":256,"column":13}},"type":"if","locations":[{"start":{"line":243,"column":12},"end":{"line":256,"column":13}},{"start":{},"end":{}}],"line":243},"12":{"loc":{"start":{"line":261,"column":12},"end":{"line":275,"column":13}},"type":"if","locations":[{"start":{"line":261,"column":12},"end":{"line":275,"column":13}},{"start":{},"end":{}}],"line":261},"13":{"loc":{"start":{"line":265,"column":16},"end":{"line":274,"column":17}},"type":"if","locations":[{"start":{"line":265,"column":16},"end":{"line":274,"column":17}},{"start":{},"end":{}}],"line":265},"14":{"loc":{"start":{"line":265,"column":20},"end":{"line":265,"column":60}},"type":"binary-expr","locations":[{"start":{"line":265,"column":20},"end":{"line":265,"column":24}},{"start":{"line":265,"column":28},"end":{"line":265,"column":60}}],"line":265},"15":{"loc":{"start":{"line":290,"column":12},"end":{"line":303,"column":13}},"type":"if","locations":[{"start":{"line":290,"column":12},"end":{"line":303,"column":13}},{"start":{},"end":{}}],"line":290}},"s":{"0":0,"1":0,"2":0,"3":0,"4":0,"5":0,"6":0,"7":0,"8":0,"9":0,"10":0,"11":0,"12":0,"13":0,"14":0,"15":0,"16":0,"17":0,"18":0,"19":0,"20":0,"21":0,"22":0,"23":0,"24":0,"25":0,"26":0,"27":0,"28":0,"29":0,"30":0,"31":0,"32":0,"33":0,"34":0,"35":0,"36":0,"37":0,"38":0,"39":0,"40":0,"41":0,"42":0,"43":0,"44":0,"45":0,"46":0,"47":0,"48":0,"49":0,"50":0,"51":0,"52":0,"53":0,"54":0,"55":0,"56":0,"57":0,"58":0,"59":0,"60":0,"61":0,"62":0,"63":0,"64":0,"65":0,"66":0,"67":0,"68":0,"69":0,"70":0,"71":0,"72":0,"73":0,"74":0,"75":0,"76":0,"77":0,"78":0,"79":0,"80":0,"81":0,"82":0,"83":0,"84":0,"85":0,"86":0,"87":0,"88":0,"89":0,"90":0,"91":0,"92":0,"93":0,"94":0,"95":0,"96":0,"97":0,"98":0,"99":0,"100":0,"101":0,"102":0,"103":0,"104":0,"105":0,"106":0,"107":0,"108":0,"109":0},"f":{"0":0,"1":0,"2":0,"3":0,"4":0,"5":0,"6":0,"7":0,"8":0,"9":0,"10":0,"11":0,"12":0,"13":0,"14":0,"15":0,"16":0,"17":0,"18":0,"19":0,"20":0,"21":0,"22":0,"23":0,"24":0,"25":0,"26":0,"27":0,"28":0,"29":0,"30":0},"b":{"0":[0,0],"1":[0,0],"2":[0,0,0],"3":[0,0],"4":[0,0],"5":[0,0],"6":[0,0],"7":[0,0],"8":[0,0],"9":[0,0],"10":[0,0],"11":[0,0],"12":[0,0],"13":[0,0],"14":[0,0],"15":[0,0]}}
[...]
7":{"start":{"line":183,"column":8},"end":{"line":227,"column":9}},"98":{"start":{"line":184,"column":29},"end":{"line":184,"column":61}},"99":{"start":{"line":185,"column":25},"end":{"line":185,"column":46}},"100":{"start":{"line":188,"column":31},"end":{"line":188,"column":77}},"101":{"start":{"line":188,"column":59},"end":{"line":188,"column":75}},"102":{"start":{"line":189,"column":12},"end":{"line":189,"column":80}},"103":{"start":{"line":192,"column":12},"end":{"line":199,"column":15}},"104":{"start":{"line":193,"column":41},"end":{"line":193,"column":94}},"105":{"start":{"line":193,"column":64},"end":{"line":193,"column":93}},"106":{"start":{"line":194,"column":16},"end":{"line":198,"column":17}},"107":{"start":{"line":195,"column":20},"end":{"line":195,"column":81}},"108":{"start":{"line":197,"column":20},"end":{"line":197,"column":58}},"109":{"start":{"line":202,"column":35},"end":{"line":204,"column":13}},"110":{"start":{"line":203,"column":16},"end":{"line":203,"column":51}},"111":{"start":{"line":207,"column":38},"end":{"line":210,"column":14}},"112":{"start":{"line":208,"column":16},"end":{"line":208,"column":45}},"113":{"start":{"line":208,"column":33},"end":{"line":208,"column":45}},"114":{"start":{"line":209,"column":16},"end":{"line":209,"column":90}},"115":{"start":{"line":212,"column":12},"end":{"line":216,"column":13}},"116":{"start":{"line":213,"column":16},"end":{"line":213,"column":42}},"117":{"start":{"line":215,"column":16},"end":{"line":215,"column":44}},"118":{"start":{"line":219,"column":44},"end":{"line":219,"column":118}},"119":{"start":{"line":219,"column":67},"end":{"line":219,"column":117}},"120":{"start":{"line":220,"column":12},"end":{"line":224,"column":13}},"121":{"start":{"line":221,"column":16},"end":{"line":221,"column":43}},"122":{"start":{"line":223,"column":16},"end":{"line":223,"column":89}},"123":{"start":{"line":223,"column":79},"end":{"line":223,"column":86}},"124":{"start":{"line":226,"column":12},"end":{"line":226,"column":48}},"125":{"start":{"line":228,"column":8},"end":{"line":228,"column":27}},"126":{"start":{"line":233,"column":0},"end":{"line":235,"column":3}},"127":{"start":{"line":234,"column":4},"end":{"line":234,"column":26}}},"fnMap":{"0":{"name":"(anonymous_0)","decl":{"start":{"line":4,"column":4},"end":{"line":4,"column":5}},"loc":{"start":{"line":4,"column":21},"end":{"line":13,"column":5}},"line":4},"1":{"name":"(anonymous_1)","decl":{"start":{"line":16,"column":4},"end":{"line":16,"column":5}},"loc":{"start":{"line":16,"column":28},"end":{"line":74,"column":5}},"line":16},"2":{"name":"(anonymous_2)","decl":{"start":{"line":28,"column":56},"end":{"line":28,"column":57}},"loc":{"start":{"line":28,"column":65},"end":{"line":28,"column":85}},"line":28},"3":{"name":"(anonymous_3)","decl":{"start":{"line":38,"column":44},"end":{"line":38,"column":45}},"loc":{"start":{"line":38,"column":55},"end":{"line":38,"column":84}},"line":38},"4":{"name":"(anonymous_4)","decl":{"start":{"line":42,"column":60},"end":{"line":42,"column":61}},"loc":{"start":{"line":42,"column":65},"end":{"line":42,"column":70}},"line":42},"5":{"name":"(anonymous_5)","decl":{"start":{"line":47,"column":45},"end":{"line":47,"column":46}},"loc":{"start":{"line":47,"column":56},"end":{"line":47,"column":87}},"line":47},"6":{"name":"(anonymous_6)","decl":{"start":{"line":51,"column":60},"end":{"line":51,"column":61}},"loc":{"start":{"line":51,"column":65},"end":{"line":51,"column":71}},"line":51},"7":{"name":"(anonymous_7)","decl":{"start":{"line":56,"column":46},"end":{"line":56,"column":47}},"loc":{"start":{"line":56,"column":57},"end":{"line":56,"column":90}},"line":56},"8":{"name":"(anonymous_8)","decl":{"start":{"line":60,"column":63},"end":{"line":60,"column":64}},"loc":{"start":{"line":60,"column":68},"end":{"line":60,"column":75}},"line":60},"9":{"name":"(anonymous_9)","decl":{"start":{"line":64,"column":50},"end":{"line":64,"column":51}},"loc":{"start":{"line":64,"column":61},"end":{"line":64,"column":92}},"line":64},"10":{"name":"(anonymous_10)","decl":{"start":{"line":68,"column":65},"end":{"line":68,"column":66}},"loc":{"start":{"line":68,"column":70},"end":{"line":68,"column":77}},"line":68},"11":{"name":"(anonymous_11)","decl":{"start":{"line":77,"column":4},"end":{"line":77,"column":5}},"loc":{"start":{"line":77,"column":25},"end":{"line":121,"column":5}},"line":77},"12":{"name":"(anonymous_12)","decl":{"start":{"line":85,"column":25},"end":{"line":85,"column":26}},"loc":{"start":{"line":85,"column":36},"end":{"line":87,"column":13}},"line":85},"13":{"name":"(anonymous_13)","decl":{"start":{"line":86,"column":37},"end":{"line":86,"column":38}},"loc":{"start":{"line":86,"column":44},"end":{"line":86,"column":57}},"line":86},"14":{"name":"(anonymous_14)","decl":{"start":{"line":94,"column":25},"end":{"line":94,"column":26}},"loc":{"start":{"line":94,"column":36},"end":{"line":98,"column":13}},"line":94},"15":{"name":"(anonymous_15)","decl":{"start":{"line":95,"column":37},"end":{"line":95,"column":38}},"loc":{"start":{"line":95,"column":44},"end":{"line":97,"column":17}},"line":95},"16":{"name":"(anonymous_16)","decl":{"start":{"line":103,"column":53},"end":{"line":103,"column":54}},"loc":{"start":{"line":103,"column":60},"end":{"line":103,"column":75}},"line":103},"17":{"name":"(anonymous_17)","decl":{"start":{"line":111,"column":59},"end":{"line":111,"column":60}},"loc":{"start":{"line":111,"column":66},"end":{"line":111,"column":122}},"line":111},"18":{"name":"(anonymous_18)","decl":{"start":{"line":124,"column":4},"end":{"line":124,"column":5}},"loc":{"start":{"line":124,"column":23},"end":{"line":178,"column":5}},"line":124},"19":{"name":"(anonymous_19)","decl":{"start":{"line":139,"column":32},"end":{"line":139,"column":33}},"loc":{"start":{"line":139,"column":64},"end":{"line":152,"column":13}},"line":139},"20":{"name":"(anonymous_20)","decl":{"start":{"line":140,"column":44},"end":{"line":140,"column":45}},"loc":{"start":{"line":141,"column":20},"end":{"line":144,"column":51}},"line":141},"21":{"name":"(anonymous_21)","decl":{"start":{"line":161,"column":31},"end":{"line":161,"column":32}},"loc":{"start":{"line":161,"column":63},"end":{"line":173,"column":13}},"line":161},"22":{"name":"(anonymous_22)","decl":{"start":{"line":162,"column":44},"end":{"line":162,"column":45}},"loc":{"start":{"line":163,"column":20},"end":{"line":165,"column":54}},"line":163},"23":{"name":"(anonymous_23)","decl":{"start":{"line":181,"column":4},"end":{"line":181,"column":5}},"loc":{"start":{"line":181,"column":33},"end":{"line":229,"column":5}},"line":181},"24":{"name":"(anonymous_24)","decl":{"start":{"line":188,"column":48},"end":{"line":188,"column":49}},"loc":{"start":{"line":188,"column":59},"end":{"line":188,"column":75}},"line":188},"25":{"name":"(anonymous_25)","decl":{"start":{"line":192,"column":31},"end":{"line":192,"column":32}},"loc":{"start":{"line":192,"column":43},"end":{"line":199,"column":13}},"line":192},"26":{"name":"(anonymous_26)","decl":{"start":{"line":193,"column":53},"end":{"line":193,"column":54}},"loc":{"start":{"line":193,"column":64},"end":{"line":193,"column":93}},"line":193},"27":{"name":"(anonymous_27)","decl":{"start":{"line":202,"column":50},"end":{"line":202,"column":51}},"loc":{"start":{"line":203,"column":16},"end":{"line":203,"column":51}},"line":203},"28":{"name":"(anonymous_28)","decl":{"start":{"line":207,"column":59},"end":{"line":207,"column":60}},"loc":{"start":{"line":207,"column":79},"end":{"line":210,"column":13}},"line":207},"29":{"name":"(anonymous_29)","decl":{"start":{"line":219,"column":56},"end":{"line":219,"column":57}},"loc":{"start":{"line":219,"column":67},"end":{"line":219,"column":117}},"line":219},"30":{"name":"(anonymous_30)","decl":{"start":{"line":223,"column":74},"end":{"line":223,"column":75}},"loc":{"start":{"line":223,"column":79},"end":{"line":223,"column":86}},"line":223},"31":{"name":"(anonymous_31)","decl":{"start":{"line":233,"column":46},"end":{"line":233,"column":47}},"loc":{"start":{"line":233,"column":52},"end":{"line":235,"column":1}},"line":233}},"branchMap":{"0":{"loc":{"start":{"line":30,"column":12},"end":{"line":34,"column":13}},"type":"if","locations":[{"start":{"line":30,"column":12},"end":{"line":34,"column":13}},{"start":{"line":32,"column":19},"end":{"line":34,"column":13}}],"line":30},"1":{"loc":{"start":{"line":39,"column":12},"end":{"line":43,"column":13}},"type":"if","locations":[{"start":{"line":39,"column":12},"end":{"line":43,"column":13}},{"start":{"line":41,"column":19},"end":{"line":43,"column":13}}],"line":39},"2":{"loc":{"start":{"line":48,"column":12},"end":{"line":52,"column":13}},"type":"if","locations":[{"start":{"line":48,"column":12},"end":{"line":52,"column":13}},{"start":{"line":50,"column":19},"end":{"line":52,"column":13}}],"line":48},"3":{"loc":{"start":{"line":57,"column":12},"end":{"line":61,"column":13}},"type":"if","locations":[{"start":{"line":57,"column":12},"end":{"line":61,"column":13}},{"start":{"line":59,"column":19},"end":{"line":61,"column":13}}],"line":57},"4":{"loc":{"start":{"line":65,"column":12},"end":{"line":69,"column":13}},"type":"if","locations":[{"start":{"line":65,"column":12},"end":{"line":69,"column":13}},{"start":{"line":67,"column":19},"end":{"line":69,"column":13}}],"line":65},"5":{"loc":{"start":{"line":96,"column":38},"end":{"line":96,"column":57}},"type":"binary-expr","locations":[{"start":{"line":96,"column":38},"end":{"line":96,"column":52}},{"start":{"line":96,"column":56},"end":{"line":96,"column":57}}],"line":96},"6":{"loc":{"start":{"line":104,"column":12},"end":{"line":108,"column":13}},"type":"if","locations":[{"start":{"line":104,"column":12},"end":{"line":108,"column":13}},{"start":{"line":106,"column":19},"end":{"line":108,"column":13}}],"line":104},"7":{"loc":{"start":{"line":111,"column":66},"end":{"line":111,"column":122}},"type":"binary-expr","locations":[{"start":{"line":111,"column":66},"end":{"line":111,"column":94}},{"start":{"line":111,"column":98},"end":{"line":111,"column":122}}],"line":111},"8":{"loc":{"start":{"line":112,"column":12},"end":{"line":116,"column":13}},"type":"if","locations":[{"start":{"line":112,"column":12},"end":{"line":116,"column":13}},{"start":{"line":114,"column":19},"end":{"line":116,"column":13}}],"line":112},"9":{"loc":{"start":{"line":141,"column":20},"end":{"line":144,"column":51}},"type":"binary-expr","locations":[{"start":{"line":141,"column":20},"end":{"line":141,"column":48}},{"start":{"line":142,"column":20},"end":{"line":142,"column":50}},{"start":{"line":143,"column":20},"end":{"line":143,"column":54}},{"start":{"line":144,"column":20},"end":{"line":144,"column":51}}],"line":141},"10":{"loc":{"start":{"line":147,"column":16},"end":{"line":151,"column":17}},"type":"if","locations":[{"start":{"line":147,"column":16},"end":{"line":151,"column":17}},{"start":{"line":149,"column":23},"end":{"line":151,"column":17}}],"line":147},"11":{"loc":{"start":{"line":163,"column":20},"end":{"line":165,"column":54}},"type":"binary-expr","locations":[{"start":{"line":163,"column":20},"end":{"line":163,"column":48}},{"start":{"line":164,"column":20},"end":{"line":164,"column":50}},{"start":{"line":165,"column":20},"end":{"line":165,"column":54}}],"line":163},"12":{"loc":{"start":{"line":168,"column":16},"end":{"line":172,"column":17}},"type":"if","locations":[{"start":{"line":168,"column":16},"end":{"line":172,"column":17}},{"start":{"line":170,"column":23},"end":{"line":172,"column":17}}],"line":168},"13":{"loc":{"start":{"line":194,"column":16},"end":{"line":198,"column":17}},"type":"if","locations":[{"start":{"line":194,"column":16},"end":{"line":198,"column":17}},{"start":{"line":196,"column":23},"end":{"line":198,"column":17}}],"line":194},"14":{"loc":{"start":{"line":208,"column":16},"end":{"line":208,"column":45}},"type":"if","locations":[{"start":{"line":208,"column":16},"end":{"line":208,"column":45}},{"start":{},"end":{}}],"line":208},"15":{"loc":{"start":{"line":212,"column":12},"end":{"line":216,"column":13}},"type":"if","locations":[{"start":{"line":212,"column":12},"end":{"line":216,"column":13}},{"start":{"line":214,"column":19},"end":{"line":216,"column":13}}],"line":212},"16":{"loc":{"start":{"line":219,"column":67},"end":{"line":219,"column":117}},"type":"binary-expr","locations":[{"start":{"line":219,"column":67},"end":{"line":219,"column":84}},{"start":{"line":219,"column":88},"end":{"line":219,"column":117}}],"line":219},"17":{"loc":{"start":{"line":220,"column":12},"end":{"line":224,"column":13}},"type":"if","locations":[{"start":{"line":220,"column":12},"end":{"line":224,"column":13}},{"start":{"line":222,"column":19},"end":{"line":224,"column":13}}],"line":220}},"s":{"0":0,"1":0,"2":0,"3":0,"4":0,"5":0,"6":0,"7":0,"8":0,"9":0,"10":0,"11":0,"12":0,"13":0,"14":0,"15":0,"16":0,"17":0,"18":0,"19":0,"20":0,"21":0,"22":0,"23":0,"24":0,"25":0,"26":0,"27":0,"28":0,"29":0,"30":0,"31":0,"32":0,"33":0,"34":0,"35":0,"36":0,"37":0,"38":0,"39":0,"40":0,"41":0,"42":0,"43":0,"44":0,"45":0,"46":0,"47":0,"48":0,"49":0,"50":0,"51":0,"52":0,"53":0,"54":0,"55":0,"56":0,"57":0,"58":0,"59":0,"60":0,"61":0,"62":0,"63":0,"64":0,"65":0,"66":0,"67":0,"68":0,"69":0,"70":0,"71":0,"72":0,"73":0,"74":0,"75":0,"76":0,"77":0,"78":0,"79":0,"80":0,"81":0,"82":0,"83":0,"84":0,"85":0,"86":0,"87":0,"88":0,"89":0,"90":0,"91":0,"92":0,"93":0,"94":0,"95":0,"96":0,"97":0,"98":0,"99":0,"100":0,"101":0,"102":0,"103":0,"104":0,"105":0,"106":0,"107":0,"108":0,"109":0,"110":0,"111":0,"112":0,"113":0,"114":0,"115":0,"116":0,"117":0,"118":0,"119":0,"120":0,"121":0,"122":0,"123":0,"124":0,"125":0,"126":0,"127":0},"f":{"0":0,"1":0,"2":0,"3":0,"4":0,"5":0,"6":0,"7":0,"8":0,"9":0,"10":0,"11":0,"12":0,"13":0,"14":0,"15":0,"16":0,"17":0,"18":0,"19":0,"20":0,"21":0,"22":0,"23":0,"24":0,"25":0,"26":0,"27":0,"28":0,"29":0,"30":0,"31":0},"b":{"0":[0,0],"1":[0,0],"2":[0,0],"3":[0,0],"4":[0,0],"5":[0,0],"6":[0,0],"7":[0,0],"8":[0,0],"9":[0,0,0,0],"10":[0,0],"11":[0,0,0],"12":[0,0],"13":[0,0],"14":[0,0],"15":[0,0],"16":[0,0],"17":[0,0]}}
,"C:\\Users\\Sats\\Downloads\\jiaocheng\\js\\utils.js": {"path":"C:\\Users\\Sats\\Downloads\\jiaocheng\\js\\utils.js","statementMap":{"0":{"start":{"line":14,"column":2},"end":{"line":21,"column":4}},"1":{"start":{"line":15,"column":20},"end":{"line":15,"column":24}},"2":{"start":{"line":16,"column":17},"end":{"line":16,"column":26}},"3":{"start":{"line":17,"column":4},"end":{"line":17,"column":26}},"4":{"start":{"line":18,"column":4},"end":{"line":20,"column":13}},"5":{"start":{"line":19,"column":6},"end":{"line":19,"column":32}},"6":{"start":{"line":29,"column":2},"end":{"line":35,"column":5}},"7":{"start":{"line":30,"column":17},"end":{"line":30,"column":28}},"8":{"start":{"line":31,"column":4},"end":{"line":33,"column":6}},"9":{"start":{"line":32,"column":6},"end":{"line":32,"column":33}},"10":{"start":{"line":34,"column":4},"end":{"line":34,"column":129}},"11":{"start":{"line":44,"column":2},"end":{"line":44,"column":65}},"12":{"start":{"line":47,"column":2},"end":{"line":49,"column":3}},"13":{"start":{"line":48,"column":4},"end":{"line":48,"column":57}},"14":{"start":{"line":52,"column":2},"end":{"line":67,"column":3}},"15":{"start":{"line":53,"column":19},"end":{"line":53,"column":74}},"16":{"start":{"line":54,"column":4},"end":{"line":59,"column":7}},"17":{"start":{"line":61,"column":4},"end":{"line":63,"column":5}},"18":{"start":{"line":62,"column":6},"end":{"line":62,"column":21}},"19":{"start":{"line":64,"column":4},"end":{"line":64,"column":64}},"20":{"start":{"line":66,"column":4},"end":{"line":66,"column":39}},"21":{"start":{"line":77,"column":2},"end":{"line":84,"column":5}},"22":{"start":{"line":78,"column":19},"end":{"line":78,"column":51}},"23":{"start":{"line":79,"column":4},"end":{"line":79,"column":21}},"24":{"start":{"line":80,"column":4},"end":{"line":80,"column":25}},"25":{"start":{"line":81,"column":4},"end":{"line":81,"column":28}},"26":{"start":{"line":82,"column":4},"end":{"line":82,"column":28}},"27":{"start":{"line":83,"column":4},"end":{"line":83,"column":38}},"28":{"start":{"line":92,"column":13},"end":{"line":92,"column":32}},"29":{"start":{"line":93,"column":19},"end":{"line":93,"column":92}},"30":{"start":{"line":94,"column":16},"end":{"line":94,"column":43}},"31":{"start":{"line":95,"column":20},"end":{"line":95,"column":38}},"32":{"start":{"line":96,"column":19},"end":{"line":96,"column":60}},"33":{"start":{"line":98,"column":2},"end":{"line":104,"column":4}},"34":{"start":{"line":108,"column":0},"end":{"line":114,"column":2}}},"fnMap":{"0":{"name":"debounce","decl":{"start":{"line":12,"column":9},"end":{"line":12,"column":17}},"loc":{"start":{"line":12,"column":30},"end":{"line":22,"column":1}},"line":12},"1":{"name":"(anonymous_1)","decl":{"start":{"line":14,"column":9},"end":{"line":14,"column":10}},"loc":{"start":{"line":14,"column":20},"end":{"line":21,"column":3}},"line":14},"2":{"name":"(anonymous_2)","decl":{"start":{"line":18,"column":25},"end":{"line":18,"column":26}},"loc":{"start":{"line":18,"column":31},"end":{"line":20,"column":5}},"line":18},"3":{"name":"supportsWebP","decl":{"start":{"line":28,"column":9},"end":{"line":28,"column":21}},"loc":{"start":{"line":28,"column":24},"end":{"line":36,"column":1}},"line":28},"4":{"name":"(anonymous_4)","decl":{"start":{"line":29,"column":21},"end":{"line":29,"column":22}},"loc":{"start":{"line":29,"column":32},"end":{"line":35,"column":3}},"line":29},"5":{"name":"(anonymous_5)","decl":{"start":{"line":31,"column":33},"end":{"line":31,"column":34}},"loc":{"start":{"line":31,"column":44},"end":{"line":33,"column":5}},"line":31},"6":{"name":"logError","decl":{"start":{"line":43,"column":9},"end":{"line":43,"column":17}},"loc":{"start":{"line":43,"column":39},"end":{"line":68,"column":1}},"line":43},"7":{"name":"loadScript","decl":{"start":{"line":76,"column":9},"end":{"line":76,"column":19}},"loc":{"start":{"line":76,"column":39},"end":{"line":85,"column":1}},"line":76},"8":{"name":"(anonymous_8)","decl":{"start":{"line":77,"column":21},"end":{"line":77,"column":22}},"loc":{"start":{"line":77,"column":42},"end":{"line":84,"column":3}},"line":77},"9":{"name":"detectDevice","decl":{"start":{"line":91,"column":9},"end":{"line":91,"column":21}},"loc":{"start":{"line":91,"column":24},"end":{"line":105,"column":1}},"line":91}},"branchMap":{"0":{"loc":{"start":{"line":43,"column":25},"end":{"line":43,"column":37}},"type":"default-arg","locations":[{"start":{"line":43,"column":35},"end":{"line":43,"column":37}}],"line":43},"1":{"loc":{"start":{"line":44,"column":22},"end":{"line":44,"column":52}},"type":"cond-expr","locations":[{"start":{"line":44,"column":32},"end":{"line":44,"column":47}},{"start":{"line":44,"column":50},"end":{"line":44,"column":52}}],"line":44},"2":{"loc":{"start":{"line":47,"column":2},"end":{"line":49,"column":3}},"type":"if","locations":[{"start":{"line":47,"column":2},"end":{"line":49,"column":3}},{"start":{},"end":{}}],"line":47},"3":{"loc":{"start":{"line":53,"column":30},"end":{"line":53,"column":73}},"type":"binary-expr","locations":[{"start":{"line":53,"column":30},"end":{"line":53,"column":65}},{"start":{"line":53,"column":69},"end":{"line":53,"column":73}}],"line":53},"4":{"loc":{"start":{"line":61,"column":4},"end":{"line":63,"column":5}},"type":"if","locations":[{"start":{"line":61,"column":4},"end":{"line":63,"column":5}},{"start":{},"end":{}}],"line":61},"5":{"loc":{"start":{"line":76,"column":25},"end":{"line":76,"column":37}},"type":"default-arg","locations":[{"start":{"line":76,"column":33},"end":{"line":76,"column":37}}],"line":76}},"s":{"0":0,"1":0,"2":0,"3":0,"4":0,"5":0,"6":0,"7":0,"8":0,"9":0,"10":0,"11":0,"12":0,"13":0,"14":0,"15":0,"16":0,"17":0,"18":0,"19":0,"20":0,"21":0,"22":0,"23":0,"24":0,"25":0,"26":0,"27":0,"28":0,"29":0,"30":0,"31":0,"32":0,"33":0,"34":0},"f":{"0":0,"1":0,"2":0,"3":0,"4":0,"5":0,"6":0,"7":0,"8":0,"9":0},"b":{"0":[0],"1":[0,0],"2":[0,0],"3":[0,0],"4":[0,0],"5":[0]}}
}
